<?xml version="1.0" encoding="UTF-8"?>
<testsuite xmlns:xsi="http://www.w3.org/2001/XMLSchema-instance" xsi:noNamespaceSchemaLocation="https://maven.apache.org/surefire/maven-surefire-plugin/xsd/surefire-test-report-3.0.xsd" version="3.0" name="TestSuite" time="119.687" tests="3" errors="0" skipped="0" failures="0">
  <properties>
[...]
</properties>
  <testcase name="totalValidation" classname="ecommerce.Ecommerce_tc_4" time="45.234">
    <system-out><![CDATA[&amp#27;[35m[Appium]&amp#27;[39m Welcome to Appium v1.17.1
&amp#27;[35m[Appium]&amp#27;[39m Appium REST http interface listener started on 0.0.0.0:4723
&amp#27;[35m[HTTP]&amp#27;[39m &amp#27;[37m-->&amp#27;[39m &amp#27;[37mGET&amp#27;[39m &amp#27;[37m/wd/hub/status&amp#27;[39m
&amp#27;[35m[HTTP]&amp#27;[39m &amp#27;[90m{}&amp#27;[39m
[debug] &amp#27;[35m[GENERIC]&amp#27;[39m Calling AppiumDriver.getStatus() with args: []
[debug] &amp#27;[35m[GENERIC]&amp#27;[39m Responding to client with driver.getStatus() result: {"build":{"version":"1.17.1"}}
&amp#27;[35m[HTTP]&amp#27;[39m &amp#27;[37m<-- GET /wd/hub/status &amp#27;[39m&amp#27;[32m200&amp#27;[39m &amp#27;[90m5 ms - 68&amp#27;[39m
&amp#27;[35m[HTTP]&amp#27;[39m &amp#27;[90m&amp#27;[39m
&amp#27;[35m[Appium]&amp#27;[39m Welcome to Appium v1.17.1
&amp#27;[35m[HTTP]&amp#27;[39m Could not start REST http interface listener. The requested port may already be in use. Please make sure there is no other instance of this server running already.
Fatal Error: listen EADDRINUSE: address already in use 0.0.0.0:4723
    at Server.setupListenHandle [as _listen2] (net.js:1313:16)
    at listenInCluster (net.js:1361:12)
    at doListen (net.js:1498:7)
    at processTicksAndRejections (internal/process/task_queues.js:85:21)
&amp#27;[35m[HTTP]&amp#27;[39m &amp#27;[37m-->&amp#27;[39m &amp#27;[37mGET&amp#27;[39m &amp#27;[37m/wd/hub/status&amp#27;[39m
&amp#27;[35m[HTTP]&amp#27;[39m &amp#27;[90m{}&amp#27;[39m
[debug] &amp#27;[35m[GENERIC]&amp#27;[39m Calling AppiumDriver.getStatus() with args: []
[debug] &amp#27;[35m[GENERIC]&amp#27;[39m Responding to client with driver.getStatus() result: {"build":{"version":"1.17.1"}}
&amp#27;[35m[HTTP]&amp#27;[39m &amp#27;[37m<-- GET /wd/hub/status &amp#27;[39m&amp#27;[32m200&amp#27;[39m &amp#27;[90m1 ms - 68&amp#27;[39m
&amp#27;[35m[HTTP]&amp#27;[39m &amp#27;[90m&amp#27;[39m
&amp#27;[35m[HTTP]&amp#27;[39m &amp#27;[37m-->&amp#27;[39m &amp#27;[37mGET&amp#27;[39m &amp#27;[37m/wd/hub/status&amp#27;[39m
&amp#27;[35m[HTTP]&amp#27;[39m &amp#27;[90m{}&amp#27;[39m
[debug] &amp#27;[35m[GENERIC]&amp#27;[39m Calling AppiumDriver.getStatus() with args: []
[debug] &amp#27;[35m[GENERIC]&amp#27;[39m Responding to client with driver.getStatus() result: {"build":{"version":"1.17.1"}}
&amp#27;[35m[HTTP]&amp#27;[39m &amp#27;[37m<-- GET /wd/hub/status &amp#27;[39m&amp#27;[32m200&amp#27;[39m &amp#27;[90m1 ms - 68&amp#27;[39m
&amp#27;[35m[HTTP]&amp#27;[39m &amp#27;[90m&amp#27;[39m
&amp#27;[35m[HTTP]&amp#27;[39m &amp#27;[37m-->&amp#27;[39m &amp#27;[37mPOST&amp#27;[39m &amp#27;[37m/wd/hub/session&amp#27;[39m
&amp#27;[35m[HTTP]&amp#27;[39m &amp#27;[90m{"desiredCapabilities":{"app":"/Users/kyialbekn/IdeaProjects/AppiumDemo/src/test/resources/General-Store.apk","automationName":"UIAutomator2","platformName":"Android","deviceName":"Pixel2","newCommandTimeout":600},"capabilities":{"firstMatch":[{"appium:app":"/Users/kyialbekn/IdeaProjects/AppiumDemo/src/test/resources/General-Store.apk","appium:automationName":"UIAutomator2","appium:deviceName":"Pixel2","appium:newCommandTimeout":600,"platformName":"android"}]}}&amp#27;[39m
[debug] &amp#27;[35m[W3C]&amp#27;[39m Calling AppiumDriver.createSession() with args: [{"app":"/Users/kyialbekn/IdeaProjects/AppiumDemo/src/test/resources/General-Store.apk","automationName":"UIAutomator2","platformName":"Android","deviceName":"Pixel2","newCommandTimeout":600},null,{"firstMatch":[{"appium:app":"/Users/kyialbekn/IdeaProjects/AppiumDemo/src/test/resources/General-Store.apk","appium:automationName":"UIAutomator2","appium:deviceName":"Pixel2","appium:newCommandTimeout":600,"platformName":"android"}]}]
[debug] &amp#27;[35m[BaseDriver]&amp#27;[39m Event 'newSessionRequested' logged at 1598578484994 (20:34:44 GMT-0500 (Central Daylight Time))
&amp#27;[35m[Appium]&amp#27;[39m Appium v1.17.1 creating new AndroidUiautomator2Driver (v1.44.2) session
[debug] &amp#27;[35m[BaseDriver]&amp#27;[39m W3C capabilities and MJSONWP desired capabilities were provided
[debug] &amp#27;[35m[BaseDriver]&amp#27;[39m Creating session with W3C capabilities: {
[debug] &amp#27;[35m[BaseDriver]&amp#27;[39m   "alwaysMatch": {
[debug] &amp#27;[35m[BaseDriver]&amp#27;[39m     "platformName": "android",
[debug] &amp#27;[35m[BaseDriver]&amp#27;[39m     "appium:app": "/Users/kyialbekn/IdeaProjects/AppiumDemo/src/test/resources/General-Store.apk",
[debug] &amp#27;[35m[BaseDriver]&amp#27;[39m     "appium:automationName": "UIAutomator2",
[debug] &amp#27;[35m[BaseDriver]&amp#27;[39m     "appium:deviceName": "Pixel2",
[debug] &amp#27;[35m[BaseDriver]&amp#27;[39m     "appium:newCommandTimeout": 600
[debug] &amp#27;[35m[BaseDriver]&amp#27;[39m   },
[debug] &amp#27;[35m[BaseDriver]&amp#27;[39m   "firstMatch": [
[debug] &amp#27;[35m[BaseDriver]&amp#27;[39m     {}
[debug] &amp#27;[35m[BaseDriver]&amp#27;[39m   ]
[debug] &amp#27;[35m[BaseDriver]&amp#27;[39m }
&amp#27;[35m[BaseDriver]&amp#27;[39m Session created with session id: 4a49ebf9-f511-4590-82b4-eea43983ed2d
&amp#27;[35m[BaseDriver]&amp#27;[39m Using local app '/Users/kyialbekn/IdeaProjects/AppiumDemo/src/test/resources/General-Store.apk'
[debug] &amp#27;[35m[UiAutomator2]&amp#27;[39m Checking whether app is actually present
&amp#27;[35m[ADB]&amp#27;[39m Found 2 'build-tools' folders under '/Users/kyialbekn/Library/Android/sdk' (newest first):
&amp#27;[35m[ADB]&amp#27;[39m     /Users/kyialbekn/Library/Android/sdk/build-tools/30.0.2
&amp#27;[35m[ADB]&amp#27;[39m     /Users/kyialbekn/Library/Android/sdk/build-tools/30.0.1
&amp#27;[35m[ADB]&amp#27;[39m Using 'adb' from '/Users/kyialbekn/Library/Android/sdk/platform-tools/adb'
&amp#27;[35m[AndroidDriver]&amp#27;[39m Retrieving device list
[debug] &amp#27;[35m[ADB]&amp#27;[39m Trying to find a connected android device
[debug] &amp#27;[35m[ADB]&amp#27;[39m Getting connected devices...
[debug] &amp#27;[35m[ADB]&amp#27;[39m Connected devices: [{"udid":"emulator-5554","state":"device"}]
&amp#27;[35m[AndroidDriver]&amp#27;[39m Using device: emulator-5554
&amp#27;[35m[ADB]&amp#27;[39m Using 'adb' from '/Users/kyialbekn/Library/Android/sdk/platform-tools/adb'
[debug] &amp#27;[35m[ADB]&amp#27;[39m Setting device id to emulator-5554
[debug] &amp#27;[35m[ADB]&amp#27;[39m Running '/Users/kyialbekn/Library/Android/sdk/platform-tools/adb -P 5037 -s emulator-5554 shell getprop ro.build.version.sdk'
[debug] &amp#27;[35m[ADB]&amp#27;[39m Current device property 'ro.build.version.sdk': 28
&amp#27;[35m[ADB]&amp#27;[39m Getting device platform version
[debug] &amp#27;[35m[ADB]&amp#27;[39m Running '/Users/kyialbekn/Library/Android/sdk/platform-tools/adb -P 5037 -s emulator-5554 shell getprop ro.build.version.release'
[debug] &amp#27;[35m[ADB]&amp#27;[39m Current device property 'ro.build.version.release': 9
[debug] &amp#27;[35m[ADB]&amp#27;[39m Device API level: 28
&amp#27;[35m[UiAutomator2]&amp#27;[39m Relaxing hidden api policy
[debug] &amp#27;[35m[ADB]&amp#27;[39m Running '/Users/kyialbekn/Library/Android/sdk/platform-tools/adb -P 5037 -s emulator-5554 shell settings put global hidden_api_policy_pre_p_apps 1'
[debug] &amp#27;[35m[ADB]&amp#27;[39m Running '/Users/kyialbekn/Library/Android/sdk/platform-tools/adb -P 5037 -s emulator-5554 shell settings put global hidden_api_policy_p_apps 1'
[debug] &amp#27;[35m[ADB]&amp#27;[39m Running '/Users/kyialbekn/Library/Android/sdk/platform-tools/adb -P 5037 -s emulator-5554 shell settings put global hidden_api_policy 1'
[debug] &amp#27;[35m[AndroidDriver]&amp#27;[39m Parsing package and activity from app manifest
&amp#27;[35m[ADB]&amp#27;[39m Package name: 'com.androidsample.generalstore'
&amp#27;[35m[ADB]&amp#27;[39m Main activity name: 'com.androidsample.generalstore.SplashActivity'
[debug] &amp#27;[35m[AndroidDriver]&amp#27;[39m Parsed package and activity are: com.androidsample.generalstore/com.androidsample.generalstore.SplashActivity
[debug] &amp#27;[35m[ADB]&amp#27;[39m Running '/Users/kyialbekn/Library/Android/sdk/platform-tools/adb -P 5037 -s emulator-5554 wait-for-device'
[debug] &amp#27;[35m[ADB]&amp#27;[39m Running '/Users/kyialbekn/Library/Android/sdk/platform-tools/adb -P 5037 -s emulator-5554 shell echo ping'
[debug] &amp#27;[35m[AndroidDriver]&amp#27;[39m Pushing settings apk to device...
[debug] &amp#27;[35m[ADB]&amp#27;[39m Getting install status for io.appium.settings
[debug] &amp#27;[35m[ADB]&amp#27;[39m Running '/Users/kyialbekn/Library/Android/sdk/platform-tools/adb -P 5037 -s emulator-5554 shell dumpsys package io.appium.settings'
[debug] &amp#27;[35m[ADB]&amp#27;[39m 'io.appium.settings' is installed
[debug] &amp#27;[35m[ADB]&amp#27;[39m Getting package info for 'io.appium.settings'
[debug] &amp#27;[35m[ADB]&amp#27;[39m Running '/Users/kyialbekn/Library/Android/sdk/platform-tools/adb -P 5037 -s emulator-5554 shell dumpsys package io.appium.settings'
[debug] &amp#27;[35m[ADB]&amp#27;[39m The version name of the installed 'io.appium.settings' is greater or equal to the application version name ('3.1.0' >= '3.1.0')
[debug] &amp#27;[35m[ADB]&amp#27;[39m There is no need to install/upgrade '/usr/local/lib/node_modules/appium/node_modules/io.appium.settings/apks/settings_apk-debug.apk'
[debug] &amp#27;[35m[ADB]&amp#27;[39m Getting IDs of all 'io.appium.settings' processes
[debug] &amp#27;[35m[ADB]&amp#27;[39m Running '/Users/kyialbekn/Library/Android/sdk/platform-tools/adb -P 5037 -s emulator-5554 shell 'pgrep --help; echo $?''
[debug] &amp#27;[35m[ADB]&amp#27;[39m Running '/Users/kyialbekn/Library/Android/sdk/platform-tools/adb -P 5037 -s emulator-5554 shell pgrep -f io\\.appium\\.settings'
[debug] &amp#27;[35m[AndroidDriver]&amp#27;[39m io.appium.settings is already running. There is no need to reset its permissions.
[debug] &amp#27;[35m[ADB]&amp#27;[39m Running '/Users/kyialbekn/Library/Android/sdk/platform-tools/adb -P 5037 -s emulator-5554 shell appops set io.appium.settings android\:mock_location allow'
[debug] &amp#27;[35m[Logcat]&amp#27;[39m Starting logcat capture
[debug] &amp#27;[35m[UiAutomator2]&amp#27;[39m Forwarding UiAutomator2 Server port 6790 to 8200
[debug] &amp#27;[35m[ADB]&amp#27;[39m Forwarding system: 8200 to device: 6790
[debug] &amp#27;[35m[ADB]&amp#27;[39m Running '/Users/kyialbekn/Library/Android/sdk/platform-tools/adb -P 5037 -s emulator-5554 forward tcp\:8200 tcp\:6790'
[debug] &amp#27;[35m[ADB]&amp#27;[39m Getting install status for io.appium.uiautomator2.server
[debug] &amp#27;[35m[ADB]&amp#27;[39m Running '/Users/kyialbekn/Library/Android/sdk/platform-tools/adb -P 5037 -s emulator-5554 shell dumpsys package io.appium.uiautomator2.server'
[debug] &amp#27;[35m[ADB]&amp#27;[39m 'io.appium.uiautomator2.server' is installed
[debug] &amp#27;[35m[ADB]&amp#27;[39m Getting package info for 'io.appium.uiautomator2.server'
[debug] &amp#27;[35m[ADB]&amp#27;[39m Running '/Users/kyialbekn/Library/Android/sdk/platform-tools/adb -P 5037 -s emulator-5554 shell dumpsys package io.appium.uiautomator2.server'
[debug] &amp#27;[35m[ADB]&amp#27;[39m The version name of the installed 'io.appium.uiautomator2.server' is greater or equal to the application version name ('4.5.5' >= '4.5.5')
[debug] &amp#27;[35m[UiAutomator2]&amp#27;[39m io.appium.uiautomator2.server installation state: sameVersionInstalled
[debug] &amp#27;[35m[ADB]&amp#27;[39m Checking app cert for /usr/local/lib/node_modules/appium/node_modules/appium-uiautomator2-server/apks/appium-uiautomator2-server-v4.5.5.apk
&amp#27;[35m[ADB]&amp#27;[39m Using 'apksigner.jar' from '/Users/kyialbekn/Library/Android/sdk/build-tools/30.0.2/lib/apksigner.jar'
[debug] &amp#27;[35m[ADB]&amp#27;[39m Starting apksigner: /Library/Java/JavaVirtualMachines/jdk1.8.0_251.jdk/Contents/Home/bin/java -Xmx1024M -Xss1m -jar /Users/kyialbekn/Library/Android/sdk/build-tools/30.0.2/lib/apksigner.jar verify --print-certs /usr/local/lib/node_modules/appium/node_modules/appium-uiautomator2-server/apks/appium-uiautomator2-server-v4.5.5.apk
[debug] &amp#27;[35m[ADB]&amp#27;[39m apksigner stdout: Signer #1 certificate DN: EMAILADDRESS=android@android.com, CN=Android, OU=Android, O=Android, L=Mountain View, ST=California, C=US
[debug] &amp#27;[35m[ADB]&amp#27;[39m Signer #1 certificate SHA-256 digest: a40da80a59d170caa950cf15c18c454d47a39b26989d8b640ecd745ba71bf5dc
[debug] &amp#27;[35m[ADB]&amp#27;[39m Signer #1 certificate SHA-1 digest: 61ed377e85d386a8dfee6b864bd85b0bfaa5af81
[debug] &amp#27;[35m[ADB]&amp#27;[39m Signer #1 certificate MD5 digest: e89b158e4bcf988ebd09eb83f5378e87
[debug] &amp#27;[35m[ADB]&amp#27;[39m 
[debug] &amp#27;[35m[ADB]&amp#27;[39m '/usr/local/lib/node_modules/appium/node_modules/appium-uiautomator2-server/apks/appium-uiautomator2-server-v4.5.5.apk' is signed with the default certificate
[debug] &amp#27;[35m[ADB]&amp#27;[39m Getting install status for io.appium.uiautomator2.server.test
[debug] &amp#27;[35m[ADB]&amp#27;[39m Running '/Users/kyialbekn/Library/Android/sdk/platform-tools/adb -P 5037 -s emulator-5554 shell dumpsys package io.appium.uiautomator2.server.test'
[debug] &amp#27;[35m[ADB]&amp#27;[39m 'io.appium.uiautomator2.server.test' is installed
[debug] &amp#27;[35m[ADB]&amp#27;[39m Checking app cert for /usr/local/lib/node_modules/appium/node_modules/appium-uiautomator2-server/apks/appium-uiautomator2-server-debug-androidTest.apk
[debug] &amp#27;[35m[ADB]&amp#27;[39m Starting apksigner: /Library/Java/JavaVirtualMachines/jdk1.8.0_251.jdk/Contents/Home/bin/java -Xmx1024M -Xss1m -jar /Users/kyialbekn/Library/Android/sdk/build-tools/30.0.2/lib/apksigner.jar verify --print-certs /usr/local/lib/node_modules/appium/node_modules/appium-uiautomator2-server/apks/appium-uiautomator2-server-debug-androidTest.apk
[debug] &amp#27;[35m[ADB]&amp#27;[39m apksigner stdout: Signer #1 certificate DN: EMAILADDRESS=android@android.com, CN=Android, OU=Android, O=Android, L=Mountain View, ST=California, C=US
[debug] &amp#27;[35m[ADB]&amp#27;[39m Signer #1 certificate SHA-256 digest: a40da80a59d170caa950cf15c18c454d47a39b26989d8b640ecd745ba71bf5dc
[debug] &amp#27;[35m[ADB]&amp#27;[39m Signer #1 certificate SHA-1 digest: 61ed377e85d386a8dfee6b864bd85b0bfaa5af81
[debug] &amp#27;[35m[ADB]&amp#27;[39m Signer #1 certificate MD5 digest: e89b158e4bcf988ebd09eb83f5378e87
[debug] &amp#27;[35m[ADB]&amp#27;[39m 
[debug] &amp#27;[35m[ADB]&amp#27;[39m '/usr/local/lib/node_modules/appium/node_modules/appium-uiautomator2-server/apks/appium-uiautomator2-server-debug-androidTest.apk' is signed with the default certificate
&amp#27;[35m[UiAutomator2]&amp#27;[39m Server packages are not going to be (re)installed
[debug] &amp#27;[35m[UiAutomator2]&amp#27;[39m Waiting up to 30000ms for services to be available
[debug] &amp#27;[35m[ADB]&amp#27;[39m Running '/Users/kyialbekn/Library/Android/sdk/platform-tools/adb -P 5037 -s emulator-5554 shell pm list instrumentation'
[debug] &amp#27;[35m[UiAutomator2]&amp#27;[39m Instrumentation target 'io.appium.uiautomator2.server.test/androidx.test.runner.AndroidJUnitRunner' is available
[debug] &amp#27;[35m[ADB]&amp#27;[39m Checking app cert for /Users/kyialbekn/IdeaProjects/AppiumDemo/src/test/resources/General-Store.apk
[debug] &amp#27;[35m[ADB]&amp#27;[39m Starting apksigner: /Library/Java/JavaVirtualMachines/jdk1.8.0_251.jdk/Contents/Home/bin/java -Xmx1024M -Xss1m -jar /Users/kyialbekn/Library/Android/sdk/build-tools/30.0.2/lib/apksigner.jar verify --print-certs /Users/kyialbekn/IdeaProjects/AppiumDemo/src/test/resources/General-Store.apk
[debug] &amp#27;[35m[ADB]&amp#27;[39m apksigner stdout: Signer #1 certificate DN: EMAILADDRESS=android@android.com, CN=Android, OU=Android, O=Android, L=Mountain View, ST=California, C=US
[debug] &amp#27;[35m[ADB]&amp#27;[39m Signer #1 certificate SHA-256 digest: a40da80a59d170caa950cf15c18c454d47a39b26989d8b640ecd745ba71bf5dc
[debug] &amp#27;[35m[ADB]&amp#27;[39m Signer #1 certificate SHA-1 digest: 61ed377e85d386a8dfee6b864bd85b0bfaa5af81
[debug] &amp#27;[35m[ADB]&amp#27;[39m Signer #1 certificate MD5 digest: e89b158e4bcf988ebd09eb83f5378e87
[debug] &amp#27;[35m[ADB]&amp#27;[39m 
[debug] &amp#27;[35m[ADB]&amp#27;[39m '/Users/kyialbekn/IdeaProjects/AppiumDemo/src/test/resources/General-Store.apk' is signed with the default certificate
[debug] &amp#27;[35m[ADB]&amp#27;[39m Getting install status for com.androidsample.generalstore
[debug] &amp#27;[35m[ADB]&amp#27;[39m Running '/Users/kyialbekn/Library/Android/sdk/platform-tools/adb -P 5037 -s emulator-5554 shell dumpsys package com.androidsample.generalstore'
[debug] &amp#27;[35m[ADB]&amp#27;[39m 'com.androidsample.generalstore' is installed
[debug] &amp#27;[35m[ADB]&amp#27;[39m Getting package info for 'com.androidsample.generalstore'
[debug] &amp#27;[35m[ADB]&amp#27;[39m Running '/Users/kyialbekn/Library/Android/sdk/platform-tools/adb -P 5037 -s emulator-5554 shell dumpsys package com.androidsample.generalstore'
[debug] &amp#27;[35m[ADB]&amp#27;[39m The version name of the installed 'com.androidsample.generalstore' is greater or equal to the application version name ('1.0.0' >= '1.0.0')
[debug] &amp#27;[35m[ADB]&amp#27;[39m There is no need to install/upgrade '/Users/kyialbekn/IdeaProjects/AppiumDemo/src/test/resources/General-Store.apk'
&amp#27;[35m[AndroidDriver]&amp#27;[39m Performing fast reset on 'com.androidsample.generalstore'
[debug] &amp#27;[35m[ADB]&amp#27;[39m Getting install status for com.androidsample.generalstore
[debug] &amp#27;[35m[ADB]&amp#27;[39m Running '/Users/kyialbekn/Library/Android/sdk/platform-tools/adb -P 5037 -s emulator-5554 shell dumpsys package com.androidsample.generalstore'
[debug] &amp#27;[35m[ADB]&amp#27;[39m 'com.androidsample.generalstore' is installed
[debug] &amp#27;[35m[ADB]&amp#27;[39m Running '/Users/kyialbekn/Library/Android/sdk/platform-tools/adb -P 5037 -s emulator-5554 shell am force-stop com.androidsample.generalstore'
[debug] &amp#27;[35m[ADB]&amp#27;[39m Running '/Users/kyialbekn/Library/Android/sdk/platform-tools/adb -P 5037 -s emulator-5554 shell pm clear com.androidsample.generalstore'
[debug] &amp#27;[35m[AndroidDriver]&amp#27;[39m Performed fast reset on the installed 'com.androidsample.generalstore' application (stop and clear)
[debug] &amp#27;[35m[UiAutomator2]&amp#27;[39m Performing shallow cleanup of automation leftovers
[debug] &amp#27;[35m[UiAutomator2]&amp#27;[39m The following obsolete sessions are still running: ["f6dfc899-6060-4bc0-bf46-1a6ea0589747"]
[debug] &amp#27;[35m[UiAutomator2]&amp#27;[39m Cleaning up the obsolete sessions
[debug] &amp#27;[35m[ADB]&amp#27;[39m Running '/Users/kyialbekn/Library/Android/sdk/platform-tools/adb -P 5037 -s emulator-5554 shell am force-stop io.appium.uiautomator2.server.test'
&amp#27;[35m[UiAutomator2]&amp#27;[39m Starting UIAutomator2 server 4.5.5
&amp#27;[35m[UiAutomator2]&amp#27;[39m Using UIAutomator2 server from '/usr/local/lib/node_modules/appium/node_modules/appium-uiautomator2-server/apks/appium-uiautomator2-server-v4.5.5.apk' and test from '/usr/local/lib/node_modules/appium/node_modules/appium-uiautomator2-server/apks/appium-uiautomator2-server-debug-androidTest.apk'
&amp#27;[35m[UiAutomator2]&amp#27;[39m Waiting up to 30000ms for UiAutomator2 to be online...
[debug] &amp#27;[35m[ADB]&amp#27;[39m Creating ADB subprocess with args: ["-P",5037,"-s","emulator-5554","shell","am","instrument","-w","io.appium.uiautomator2.server.test/androidx.test.runner.AndroidJUnitRunner"]
[debug] &amp#27;[35m[WD Proxy]&amp#27;[39m Matched '/status' to command name 'getStatus'
[debug] &amp#27;[35m[WD Proxy]&amp#27;[39m Proxying [GET /status] to [GET http://127.0.0.1:8200/wd/hub/status] with no body
&amp#27;[35m[WD Proxy]&amp#27;[39m Got response with unknown status: {"code":"ECONNRESET"}
[debug] &amp#27;[35m[WD Proxy]&amp#27;[39m Matched '/status' to command name 'getStatus'
[debug] &amp#27;[35m[WD Proxy]&amp#27;[39m Proxying [GET /status] to [GET http://127.0.0.1:8200/wd/hub/status] with no body
&amp#27;[35m[WD Proxy]&amp#27;[39m Got response with unknown status: {"code":"ECONNRESET"}
[debug] &amp#27;[35m[Instrumentation]&amp#27;[39m io.appium.uiautomator2.server.test.AppiumUiAutomator2Server:
[debug] &amp#27;[35m[WD Proxy]&amp#27;[39m Matched '/status' to command name 'getStatus'
[debug] &amp#27;[35m[WD Proxy]&amp#27;[39m Proxying [GET /status] to [GET http://127.0.0.1:8200/wd/hub/status] with no body
&amp#27;[35m[WD Proxy]&amp#27;[39m Got response with unknown status: {"code":"ECONNRESET"}
[debug] &amp#27;[35m[WD Proxy]&amp#27;[39m Matched '/status' to command name 'getStatus'
[debug] &amp#27;[35m[WD Proxy]&amp#27;[39m Proxying [GET /status] to [GET http://127.0.0.1:8200/wd/hub/status] with no body
[debug] &amp#27;[35m[WD Proxy]&amp#27;[39m Got response with status 200: {"sessionId":"None","value":{"ready":true,"message":"UiAutomator2 Server is ready to accept commands"}}
[debug] &amp#27;[35m[UiAutomator2]&amp#27;[39m The initialization of the instrumentation process took 4121ms
[debug] &amp#27;[35m[WD Proxy]&amp#27;[39m Matched '/session' to command name 'createSession'
[debug] &amp#27;[35m[WD Proxy]&amp#27;[39m Proxying [POST /session] to [POST http://127.0.0.1:8200/wd/hub/session] with body: {"capabilities":{"firstMatch":[{"platform":"LINUX","webStorageEnabled":false,"takesScreenshot":true,"javascriptEnabled":true,"databaseEnabled":false,"networkConnectionEnabled":true,"locationContextEnabled":false,"warnings":{},"desired":{"platformName":"android","app":"/Users/kyialbekn/IdeaProjects/AppiumDemo/src/test/resources/General-Store.apk","automationName":"UIAutomator2","deviceName":"Pixel2","newCommandTimeout":600},"platformName":"android","app":"/Users/kyialbekn/IdeaProjects/AppiumDemo/src/test/resources/General-Store.apk","automationName":"UIAutomator2","deviceName":"emulator-5554","newCommandTimeout":600,"deviceUDID":"emulator-5554","appPackage":"com.androidsample.generalstore"}],"alwaysMatch":{}}}
[debug] &amp#27;[35m[WD Proxy]&amp#27;[39m Got response with status 200: {"sessionId":"2de36614-59d0-4281-8ae4-51a0e8d87207","value":{"sessionId":"2de36614-59d0-4281-8ae4-51a0e8d87207","capabilities":{"firstMatch":[{"platform":"LINUX","webStorageEnabled":false,"takesScreenshot":true,"javascriptEnabled":true,"databaseEnabled":false,"networkConnectionEnabled":true,"locationContextEnabled":false,"warnings":{},"desired":{"platformName":"android","app":"/Users/kyialbekn/IdeaProjects/AppiumDemo/src/test/resources/General-Store.apk","automationName":"UIAutomator2","deviceName":"Pixel2","newCommandTimeout":600},"platformName":"android","app":"/Users/kyialbekn/IdeaProjects/AppiumDemo/src/test/resources/General-Store.apk","automationName":"UIAutomator2","deviceName":"emulator-5554","newCommandTimeout":600,"deviceUDID":"emulator-5554","appPackage":"com.androidsample.generalstore"}],"alwaysMatch":{}}}}
&amp#27;[35m[WD Proxy]&amp#27;[39m Determined the downstream protocol as 'W3C'
[debug] &amp#27;[35m[WD Proxy]&amp#27;[39m Proxying [GET /appium/device/info] to [GET http://127.0.0.1:8200/wd/hub/session/2de36614-59d0-4281-8ae4-51a0e8d87207/appium/device/info] with no body
[debug] &amp#27;[35m[WD Proxy]&amp#27;[39m Got response with status 200: {"sessionId":"2de36614-59d0-4281-8ae4-51a0e8d87207","value":{"androidId":"17deb2603187413a","manufacturer":"Google","model":"AOSP on IA Emulator","brand":"google","apiVersion":"28","platformVersion":"9","carrierName":"Android","realDisplaySize":"1080x1920","displayDensity":420,"networks":[{"type":0,"typeName":"MOBILE","subtype":13,"subtypeName":"LTE","isConnected":true,"detailedState":"CONNECTED","state":"CONNECTED","extraInfo":"epc.tmobile.com","isAvailable":true,"isFailover":false,"isRoaming":false,"capabilities":{"transportTypes":"TRANSPORT_CELLULAR","networkCapabilities":"NET_CAPABILITY_MMS,NET_CAPABILITY_SUPL,NET_CAPABILITY_DUN,NET_CAPABILITY_FOTA,NET_CAPABILITY_IMS,NET_CAPABILITY_CBS,NET_CAPABILITY_IA,NET_CAPABILITY_INTERNET,NET_CAPABILITY_NOT_RESTRICTED,NET_CAPABILITY_TRUSTED,NET_CAPABILITY_NOT_VPN,NET_CAPABILITY_VALIDATED,NET_CAPABILITY_NOT_ROAMING,NET_CAPABILITY_NOT_CONGESTED,NET_CAPABILITY_NOT_SUSPENDED","linkUpstreamBandwidthKbps":51200,"linkDownBandwidthKbps":102400,"signalStrength":-2147483648...
[debug] &amp#27;[35m[ADB]&amp#27;[39m Running '/Users/kyialbekn/Library/Android/sdk/platform-tools/adb -P 5037 -s emulator-5554 shell dumpsys window'
&amp#27;[35m[AndroidDriver]&amp#27;[39m Screen already unlocked, doing nothing
&amp#27;[35m[UiAutomator2]&amp#27;[39m Starting 'com.androidsample.generalstore/com.androidsample.generalstore.SplashActivity and waiting for 'com.androidsample.generalstore/com.androidsample.generalstore.SplashActivity'
[debug] &amp#27;[35m[ADB]&amp#27;[39m Running '/Users/kyialbekn/Library/Android/sdk/platform-tools/adb -P 5037 -s emulator-5554 shell am start -W -n com.androidsample.generalstore/com.androidsample.generalstore.SplashActivity -S -a android.intent.action.MAIN -c android.intent.category.LAUNCHER -f 0x10200000'
[debug] &amp#27;[35m[ADB]&amp#27;[39m Waiting up to 20000ms for activity matching pkg: 'com.androidsample.generalstore' and activity: 'com.androidsample.generalstore.SplashActivity' to be focused
[debug] &amp#27;[35m[ADB]&amp#27;[39m Possible activities, to be checked: 'com.androidsample.generalstore.SplashActivity', 'com.androidsample.generalstore.com.androidsample.generalstore.SplashActivity'
[debug] &amp#27;[35m[ADB]&amp#27;[39m Getting focused package and activity
[debug] &amp#27;[35m[ADB]&amp#27;[39m Running '/Users/kyialbekn/Library/Android/sdk/platform-tools/adb -P 5037 -s emulator-5554 shell dumpsys window windows'
[debug] &amp#27;[35m[ADB]&amp#27;[39m Found package: 'com.androidsample.generalstore' and fully qualified activity name : 'com.androidsample.generalstore.SplashActivity'
[debug] &amp#27;[35m[WD Proxy]&amp#27;[39m Proxying [GET /appium/device/pixel_ratio] to [GET http://127.0.0.1:8200/wd/hub/session/2de36614-59d0-4281-8ae4-51a0e8d87207/appium/device/pixel_ratio] with body: {}
[debug] &amp#27;[35m[WD Proxy]&amp#27;[39m Got response with status 200: {"sessionId":"2de36614-59d0-4281-8ae4-51a0e8d87207","value":2.625}
[debug] &amp#27;[35m[WD Proxy]&amp#27;[39m Matched '/appium/device/system_bars' to command name 'getSystemBars'
[debug] &amp#27;[35m[WD Proxy]&amp#27;[39m Proxying [GET /appium/device/system_bars] to [GET http://127.0.0.1:8200/wd/hub/session/2de36614-59d0-4281-8ae4-51a0e8d87207/appium/device/system_bars] with body: {}
[debug] &amp#27;[35m[WD Proxy]&amp#27;[39m Got response with status 200: {"sessionId":"2de36614-59d0-4281-8ae4-51a0e8d87207","value":{"statusBar":63}}
[debug] &amp#27;[35m[WD Proxy]&amp#27;[39m Matched '/window/current/size' to command name 'getWindowSize'
[debug] &amp#27;[35m[WD Proxy]&amp#27;[39m Proxying [GET /window/current/size] to [GET http://127.0.0.1:8200/wd/hub/session/2de36614-59d0-4281-8ae4-51a0e8d87207/window/current/size] with body: {}
[debug] &amp#27;[35m[WD Proxy]&amp#27;[39m Got response with status 200: {"sessionId":"2de36614-59d0-4281-8ae4-51a0e8d87207","value":{"height":1794,"width":1080}}
&amp#27;[35m[Appium]&amp#27;[39m New AndroidUiautomator2Driver session created successfully, session 4a49ebf9-f511-4590-82b4-eea43983ed2d added to master session list
[debug] &amp#27;[35m[BaseDriver]&amp#27;[39m Event 'newSessionStarted' logged at 1598578494385 (20:34:54 GMT-0500 (Central Daylight Time))
[debug] &amp#27;[35m[W3C (4a49ebf9)]&amp#27;[39m Cached the protocol value 'W3C' for the new session 4a49ebf9-f511-4590-82b4-eea43983ed2d
[debug] &amp#27;[35m[W3C (4a49ebf9)]&amp#27;[39m Responding to client with driver.createSession() result: {"capabilities":{"platform":"LINUX","webStorageEnabled":false,"takesScreenshot":true,"javascriptEnabled":true,"databaseEnabled":false,"networkConnectionEnabled":true,"locationContextEnabled":false,"warnings":{},"desired":{"platformName":"android","app":"/Users/kyialbekn/IdeaProjects/AppiumDemo/src/test/resources/General-Store.apk","automationName":"UIAutomator2","deviceName":"Pixel2","newCommandTimeout":600},"platformName":"android","app":"/Users/kyialbekn/IdeaProjects/AppiumDemo/src/test/resources/General-Store.apk","automationName":"UIAutomator2","deviceName":"emulator-5554","newCommandTimeout":600,"deviceUDID":"emulator-5554","appPackage":"com.androidsample.generalstore","deviceApiLevel":28,"platformVersion":"9","deviceScreenSize":"1080x1920","deviceScreenDensity":420,"deviceModel":"AOSP on IA Emulator","deviceManufacturer":"Google","pixelRatio":2.625,"statBarHeight":63,"viewportRect":{"left":0,"top":63,"width":1080,"height":1731}}}
&amp#27;[35m[HTTP]&amp#27;[39m &amp#27;[37m<-- POST /wd/hub/session &amp#27;[39m&amp#27;[32m200&amp#27;[39m &amp#27;[90m9394 ms - 1010&amp#27;[39m
&amp#27;[35m[HTTP]&amp#27;[39m &amp#27;[90m&amp#27;[39m
&amp#27;[35m[HTTP]&amp#27;[39m &amp#27;[37m-->&amp#27;[39m &amp#27;[37mGET&amp#27;[39m &amp#27;[37m/wd/hub/session/4a49ebf9-f511-4590-82b4-eea43983ed2d&amp#27;[39m
&amp#27;[35m[HTTP]&amp#27;[39m &amp#27;[90m{}&amp#27;[39m
[debug] &amp#27;[35m[W3C (4a49ebf9)]&amp#27;[39m Calling AppiumDriver.getSession() with args: ["4a49ebf9-f511-4590-82b4-eea43983ed2d"]
[debug] &amp#27;[35m[UiAutomator2]&amp#27;[39m Getting session details from server to mix in
[debug] &amp#27;[35m[WD Proxy]&amp#27;[39m Matched '/' to command name 'getSession'
[debug] &amp#27;[35m[WD Proxy]&amp#27;[39m Proxying [GET /] to [GET http://127.0.0.1:8200/wd/hub/session/2de36614-59d0-4281-8ae4-51a0e8d87207] with body: {}
[debug] &amp#27;[35m[WD Proxy]&amp#27;[39m Got response with status 200: {"sessionId":"2de36614-59d0-4281-8ae4-51a0e8d87207","value":{}}
[debug] &amp#27;[35m[W3C (4a49ebf9)]&amp#27;[39m Responding to client with driver.getSession() result: {"platform":"LINUX","webStorageEnabled":false,"takesScreenshot":true,"javascriptEnabled":true,"databaseEnabled":false,"networkConnectionEnabled":true,"locationContextEnabled":false,"warnings":{},"desired":{"platformName":"android","app":"/Users/kyialbekn/IdeaProjects/AppiumDemo/src/test/resources/General-Store.apk","automationName":"UIAutomator2","deviceName":"Pixel2","newCommandTimeout":600},"platformName":"android","app":"/Users/kyialbekn/IdeaProjects/AppiumDemo/src/test/resources/General-Store.apk","automationName":"UIAutomator2","deviceName":"emulator-5554","newCommandTimeout":600,"deviceUDID":"emulator-5554","appPackage":"com.androidsample.generalstore","deviceApiLevel":28,"platformVersion":"9","deviceScreenSize":"1080x1920","deviceScreenDensity":420,"deviceModel":"AOSP on IA Emulator","deviceManufacturer":"Google","pixelRatio":2.625,"statBarHeight":63,"viewportRect":{"left":0,"top":63,"width":1080,"height":1731}}
&amp#27;[35m[HTTP]&amp#27;[39m &amp#27;[37m<-- GET /wd/hub/session/4a49ebf9-f511-4590-82b4-eea43983ed2d &amp#27;[39m&amp#27;[32m200&amp#27;[39m &amp#27;[90m10 ms - 942&amp#27;[39m
&amp#27;[35m[HTTP]&amp#27;[39m &amp#27;[90m&amp#27;[39m
&amp#27;[35m[HTTP]&amp#27;[39m &amp#27;[37m-->&amp#27;[39m &amp#27;[37mGET&amp#27;[39m &amp#27;[37m/wd/hub/session/4a49ebf9-f511-4590-82b4-eea43983ed2d&amp#27;[39m
&amp#27;[35m[HTTP]&amp#27;[39m &amp#27;[90m{}&amp#27;[39m
[debug] &amp#27;[35m[W3C (4a49ebf9)]&amp#27;[39m Calling AppiumDriver.getSession() with args: ["4a49ebf9-f511-4590-82b4-eea43983ed2d"]
[debug] &amp#27;[35m[UiAutomator2]&amp#27;[39m Getting session details from server to mix in
[debug] &amp#27;[35m[WD Proxy]&amp#27;[39m Matched '/' to command name 'getSession'
[debug] &amp#27;[35m[WD Proxy]&amp#27;[39m Proxying [GET /] to [GET http://127.0.0.1:8200/wd/hub/session/2de36614-59d0-4281-8ae4-51a0e8d87207] with body: {}
[debug] &amp#27;[35m[WD Proxy]&amp#27;[39m Got response with status 200: {"sessionId":"2de36614-59d0-4281-8ae4-51a0e8d87207","value":{}}
[debug] &amp#27;[35m[W3C (4a49ebf9)]&amp#27;[39m Responding to client with driver.getSession() result: {"platform":"LINUX","webStorageEnabled":false,"takesScreenshot":true,"javascriptEnabled":true,"databaseEnabled":false,"networkConnectionEnabled":true,"locationContextEnabled":false,"warnings":{},"desired":{"platformName":"android","app":"/Users/kyialbekn/IdeaProjects/AppiumDemo/src/test/resources/General-Store.apk","automationName":"UIAutomator2","deviceName":"Pixel2","newCommandTimeout":600},"platformName":"android","app":"/Users/kyialbekn/IdeaProjects/AppiumDemo/src/test/resources/General-Store.apk","automationName":"UIAutomator2","deviceName":"emulator-5554","newCommandTimeout":600,"deviceUDID":"emulator-5554","appPackage":"com.androidsample.generalstore","deviceApiLevel":28,"platformVersion":"9","deviceScreenSize":"1080x1920","deviceScreenDensity":420,"deviceModel":"AOSP on IA Emulator","deviceManufacturer":"Google","pixelRatio":2.625,"statBarHeight":63,"viewportRect":{"left":0,"top":63,"width":1080,"height":1731}}
&amp#27;[35m[HTTP]&amp#27;[39m &amp#27;[37m<-- GET /wd/hub/session/4a49ebf9-f511-4590-82b4-eea43983ed2d &amp#27;[39m&amp#27;[32m200&amp#27;[39m &amp#27;[90m8 ms - 942&amp#27;[39m
&amp#27;[35m[HTTP]&amp#27;[39m &amp#27;[90m&amp#27;[39m
&amp#27;[35m[HTTP]&amp#27;[39m &amp#27;[37m-->&amp#27;[39m &amp#27;[37mPOST&amp#27;[39m &amp#27;[37m/wd/hub/session/4a49ebf9-f511-4590-82b4-eea43983ed2d/timeouts&amp#27;[39m
&amp#27;[35m[HTTP]&amp#27;[39m &amp#27;[90m{"implicit":5000}&amp#27;[39m
[debug] &amp#27;[35m[W3C (4a49ebf9)]&amp#27;[39m Calling AppiumDriver.timeouts() with args: [null,null,null,null,5000,"4a49ebf9-f511-4590-82b4-eea43983ed2d"]
[debug] &amp#27;[35m[BaseDriver]&amp#27;[39m W3C timeout argument: {"implicit":5000}}
[debug] &amp#27;[35m[BaseDriver]&amp#27;[39m Set implicit wait to 5000ms
[debug] &amp#27;[35m[W3C (4a49ebf9)]&amp#27;[39m Responding to client with driver.timeouts() result: null
&amp#27;[35m[HTTP]&amp#27;[39m &amp#27;[37m<-- POST /wd/hub/session/4a49ebf9-f511-4590-82b4-eea43983ed2d/timeouts &amp#27;[39m&amp#27;[32m200&amp#27;[39m &amp#27;[90m3 ms - 14&amp#27;[39m
&amp#27;[35m[HTTP]&amp#27;[39m &amp#27;[90m&amp#27;[39m
&amp#27;[35m[HTTP]&amp#27;[39m &amp#27;[37m-->&amp#27;[39m &amp#27;[37mGET&amp#27;[39m &amp#27;[37m/wd/hub/session/4a49ebf9-f511-4590-82b4-eea43983ed2d&amp#27;[39m
&amp#27;[35m[HTTP]&amp#27;[39m &amp#27;[90m{}&amp#27;[39m
[debug] &amp#27;[35m[W3C (4a49ebf9)]&amp#27;[39m Calling AppiumDriver.getSession() with args: ["4a49ebf9-f511-4590-82b4-eea43983ed2d"]
[debug] &amp#27;[35m[UiAutomator2]&amp#27;[39m Getting session details from server to mix in
[debug] &amp#27;[35m[WD Proxy]&amp#27;[39m Matched '/' to command name 'getSession'
[debug] &amp#27;[35m[WD Proxy]&amp#27;[39m Proxying [GET /] to [GET http://127.0.0.1:8200/wd/hub/session/2de36614-59d0-4281-8ae4-51a0e8d87207] with body: {}
[debug] &amp#27;[35m[WD Proxy]&amp#27;[39m Got response with status 200: {"sessionId":"2de36614-59d0-4281-8ae4-51a0e8d87207","value":{}}
[debug] &amp#27;[35m[W3C (4a49ebf9)]&amp#27;[39m Responding to client with driver.getSession() result: {"platform":"LINUX","webStorageEnabled":false,"takesScreenshot":true,"javascriptEnabled":true,"databaseEnabled":false,"networkConnectionEnabled":true,"locationContextEnabled":false,"warnings":{},"desired":{"platformName":"android","app":"/Users/kyialbekn/IdeaProjects/AppiumDemo/src/test/resources/General-Store.apk","automationName":"UIAutomator2","deviceName":"Pixel2","newCommandTimeout":600},"platformName":"android","app":"/Users/kyialbekn/IdeaProjects/AppiumDemo/src/test/resources/General-Store.apk","automationName":"UIAutomator2","deviceName":"emulator-5554","newCommandTimeout":600,"deviceUDID":"emulator-5554","appPackage":"com.androidsample.generalstore","deviceApiLevel":28,"platformVersion":"9","deviceScreenSize":"1080x1920","deviceScreenDensity":420,"deviceModel":"AOSP on IA Emulator","deviceManufacturer":"Google","pixelRatio":2.625,"statBarHeight":63,"viewportRect":{"left":0,"top":63,"width":1080,"height":1731}}
&amp#27;[35m[HTTP]&amp#27;[39m &amp#27;[37m<-- GET /wd/hub/session/4a49ebf9-f511-4590-82b4-eea43983ed2d &amp#27;[39m&amp#27;[32m200&amp#27;[39m &amp#27;[90m7 ms - 942&amp#27;[39m
&amp#27;[35m[HTTP]&amp#27;[39m &amp#27;[90m&amp#27;[39m
&amp#27;[35m[HTTP]&amp#27;[39m &amp#27;[37m-->&amp#27;[39m &amp#27;[37mGET&amp#27;[39m &amp#27;[37m/wd/hub/session/4a49ebf9-f511-4590-82b4-eea43983ed2d&amp#27;[39m
&amp#27;[35m[HTTP]&amp#27;[39m &amp#27;[90m{}&amp#27;[39m
[debug] &amp#27;[35m[W3C (4a49ebf9)]&amp#27;[39m Calling AppiumDriver.getSession() with args: ["4a49ebf9-f511-4590-82b4-eea43983ed2d"]
[debug] &amp#27;[35m[UiAutomator2]&amp#27;[39m Getting session details from server to mix in
[debug] &amp#27;[35m[WD Proxy]&amp#27;[39m Matched '/' to command name 'getSession'
[debug] &amp#27;[35m[WD Proxy]&amp#27;[39m Proxying [GET /] to [GET http://127.0.0.1:8200/wd/hub/session/2de36614-59d0-4281-8ae4-51a0e8d87207] with body: {}
[debug] &amp#27;[35m[WD Proxy]&amp#27;[39m Got response with status 200: {"sessionId":"2de36614-59d0-4281-8ae4-51a0e8d87207","value":{}}
[debug] &amp#27;[35m[W3C (4a49ebf9)]&amp#27;[39m Responding to client with driver.getSession() result: {"platform":"LINUX","webStorageEnabled":false,"takesScreenshot":true,"javascriptEnabled":true,"databaseEnabled":false,"networkConnectionEnabled":true,"locationContextEnabled":false,"warnings":{},"desired":{"platformName":"android","app":"/Users/kyialbekn/IdeaProjects/AppiumDemo/src/test/resources/General-Store.apk","automationName":"UIAutomator2","deviceName":"Pixel2","newCommandTimeout":600},"platformName":"android","app":"/Users/kyialbekn/IdeaProjects/AppiumDemo/src/test/resources/General-Store.apk","automationName":"UIAutomator2","deviceName":"emulator-5554","newCommandTimeout":600,"deviceUDID":"emulator-5554","appPackage":"com.androidsample.generalstore","deviceApiLevel":28,"platformVersion":"9","deviceScreenSize":"1080x1920","deviceScreenDensity":420,"deviceModel":"AOSP on IA Emulator","deviceManufacturer":"Google","pixelRatio":2.625,"statBarHeight":63,"viewportRect":{"left":0,"top":63,"width":1080,"height":1731}}
&amp#27;[35m[HTTP]&amp#27;[39m &amp#27;[37m<-- GET /wd/hub/session/4a49ebf9-f511-4590-82b4-eea43983ed2d &amp#27;[39m&amp#27;[32m200&amp#27;[39m &amp#27;[90m9 ms - 942&amp#27;[39m
&amp#27;[35m[HTTP]&amp#27;[39m &amp#27;[90m&amp#27;[39m
&amp#27;[35m[HTTP]&amp#27;[39m &amp#27;[37m-->&amp#27;[39m &amp#27;[37mGET&amp#27;[39m &amp#27;[37m/wd/hub/session/4a49ebf9-f511-4590-82b4-eea43983ed2d&amp#27;[39m
&amp#27;[35m[HTTP]&amp#27;[39m &amp#27;[90m{}&amp#27;[39m
[debug] &amp#27;[35m[W3C (4a49ebf9)]&amp#27;[39m Calling AppiumDriver.getSession() with args: ["4a49ebf9-f511-4590-82b4-eea43983ed2d"]
[debug] &amp#27;[35m[UiAutomator2]&amp#27;[39m Getting session details from server to mix in
[debug] &amp#27;[35m[WD Proxy]&amp#27;[39m Matched '/' to command name 'getSession'
[debug] &amp#27;[35m[WD Proxy]&amp#27;[39m Proxying [GET /] to [GET http://127.0.0.1:8200/wd/hub/session/2de36614-59d0-4281-8ae4-51a0e8d87207] with body: {}
[debug] &amp#27;[35m[WD Proxy]&amp#27;[39m Got response with status 200: {"sessionId":"2de36614-59d0-4281-8ae4-51a0e8d87207","value":{}}
[debug] &amp#27;[35m[W3C (4a49ebf9)]&amp#27;[39m Responding to client with driver.getSession() result: {"platform":"LINUX","webStorageEnabled":false,"takesScreenshot":true,"javascriptEnabled":true,"databaseEnabled":false,"networkConnectionEnabled":true,"locationContextEnabled":false,"warnings":{},"desired":{"platformName":"android","app":"/Users/kyialbekn/IdeaProjects/AppiumDemo/src/test/resources/General-Store.apk","automationName":"UIAutomator2","deviceName":"Pixel2","newCommandTimeout":600},"platformName":"android","app":"/Users/kyialbekn/IdeaProjects/AppiumDemo/src/test/resources/General-Store.apk","automationName":"UIAutomator2","deviceName":"emulator-5554","newCommandTimeout":600,"deviceUDID":"emulator-5554","appPackage":"com.androidsample.generalstore","deviceApiLevel":28,"platformVersion":"9","deviceScreenSize":"1080x1920","deviceScreenDensity":420,"deviceModel":"AOSP on IA Emulator","deviceManufacturer":"Google","pixelRatio":2.625,"statBarHeight":63,"viewportRect":{"left":0,"top":63,"width":1080,"height":1731}}
&amp#27;[35m[HTTP]&amp#27;[39m &amp#27;[37m<-- GET /wd/hub/session/4a49ebf9-f511-4590-82b4-eea43983ed2d &amp#27;[39m&amp#27;[32m200&amp#27;[39m &amp#27;[90m11 ms - 942&amp#27;[39m
&amp#27;[35m[HTTP]&amp#27;[39m &amp#27;[90m&amp#27;[39m
&amp#27;[35m[HTTP]&amp#27;[39m &amp#27;[37m-->&amp#27;[39m &amp#27;[37mPOST&amp#27;[39m &amp#27;[37m/wd/hub/session/4a49ebf9-f511-4590-82b4-eea43983ed2d/element&amp#27;[39m
&amp#27;[35m[HTTP]&amp#27;[39m &amp#27;[90m{"using":"id","value":"com.androidsample.generalstore:id/nameField"}&amp#27;[39m
[debug] &amp#27;[35m[W3C (4a49ebf9)]&amp#27;[39m Calling AppiumDriver.findElement() with args: ["id","com.androidsample.generalstore:id/nameField","4a49ebf9-f511-4590-82b4-eea43983ed2d"]
[debug] &amp#27;[35m[BaseDriver]&amp#27;[39m Valid locator strategies for this request: xpath, id, class name, accessibility id, -android uiautomator
[debug] &amp#27;[35m[BaseDriver]&amp#27;[39m Waiting up to 5000 ms for condition
[debug] &amp#27;[35m[WD Proxy]&amp#27;[39m Matched '/element' to command name 'findElement'
[debug] &amp#27;[35m[WD Proxy]&amp#27;[39m Proxying [POST /element] to [POST http://127.0.0.1:8200/wd/hub/session/2de36614-59d0-4281-8ae4-51a0e8d87207/element] with body: {"strategy":"id","selector":"com.androidsample.generalstore:id/nameField","context":"","multiple":false}
&amp#27;[35m[WD Proxy]&amp#27;[39m Got response with status 404: {"sessionId":"2de36614-59d0-4281-8ae4-51a0e8d87207","value":{"error":"no such element","message":"An element could not be located on the page using the given search parameters","stacktrace":"io.appium.uiautomator2.common.exceptions.ElementNotFoundException: An element could not be located on the page using the given search parameters\n\tat io.appium.uiautomator2.handler.FindElement.safeHandle(FindElement.java:78)\n\tat io.appium.uiautomator2.handler.request.SafeRequestHandler.handle(SafeRequestHandler.java:38)\n\tat io.appium.uiautomator2.server.AppiumServlet.handleRequest(AppiumServlet.java:252)\n\tat io.appium.uiautomator2.server.AppiumServlet.handleHttpRequest(AppiumServlet.java:242)\n\tat io.appium.uiautomator2.http.ServerHandler.channelRead(ServerHandler.java:51)\n\tat io.netty.channel.AbstractChannelHandlerContext.invokeChannelRead(AbstractChannelHandlerContext.java:366)\n\tat io.netty.channel.AbstractChannelHandlerContext.invokeChannelRead(AbstractChannelHandlerContext.java:352)\n\tat io.netty.chann...
[debug] &amp#27;[35m[W3C]&amp#27;[39m Matched W3C error code 'no such element' to NoSuchElementError
[debug] &amp#27;[35m[BaseDriver]&amp#27;[39m Waited for 45 ms so far
[debug] &amp#27;[35m[WD Proxy]&amp#27;[39m Matched '/element' to command name 'findElement'
[debug] &amp#27;[35m[WD Proxy]&amp#27;[39m Proxying [POST /element] to [POST http://127.0.0.1:8200/wd/hub/session/2de36614-59d0-4281-8ae4-51a0e8d87207/element] with body: {"strategy":"id","selector":"com.androidsample.generalstore:id/nameField","context":"","multiple":false}
&amp#27;[35m[WD Proxy]&amp#27;[39m Got response with status 404: {"sessionId":"2de36614-59d0-4281-8ae4-51a0e8d87207","value":{"error":"no such element","message":"An element could not be located on the page using the given search parameters","stacktrace":"io.appium.uiautomator2.common.exceptions.ElementNotFoundException: An element could not be located on the page using the given search parameters\n\tat io.appium.uiautomator2.handler.FindElement.safeHandle(FindElement.java:78)\n\tat io.appium.uiautomator2.handler.request.SafeRequestHandler.handle(SafeRequestHandler.java:38)\n\tat io.appium.uiautomator2.server.AppiumServlet.handleRequest(AppiumServlet.java:252)\n\tat io.appium.uiautomator2.server.AppiumServlet.handleHttpRequest(AppiumServlet.java:242)\n\tat io.appium.uiautomator2.http.ServerHandler.channelRead(ServerHandler.java:51)\n\tat io.netty.channel.AbstractChannelHandlerContext.invokeChannelRead(AbstractChannelHandlerContext.java:366)\n\tat io.netty.channel.AbstractChannelHandlerContext.invokeChannelRead(AbstractChannelHandlerContext.java:352)\n\tat io.netty.chann...
[debug] &amp#27;[35m[W3C]&amp#27;[39m Matched W3C error code 'no such element' to NoSuchElementError
[debug] &amp#27;[35m[BaseDriver]&amp#27;[39m Waited for 613 ms so far
[debug] &amp#27;[35m[WD Proxy]&amp#27;[39m Matched '/element' to command name 'findElement'
[debug] &amp#27;[35m[WD Proxy]&amp#27;[39m Proxying [POST /element] to [POST http://127.0.0.1:8200/wd/hub/session/2de36614-59d0-4281-8ae4-51a0e8d87207/element] with body: {"strategy":"id","selector":"com.androidsample.generalstore:id/nameField","context":"","multiple":false}
&amp#27;[35m[WD Proxy]&amp#27;[39m Got response with status 404: {"sessionId":"2de36614-59d0-4281-8ae4-51a0e8d87207","value":{"error":"no such element","message":"An element could not be located on the page using the given search parameters","stacktrace":"io.appium.uiautomator2.common.exceptions.ElementNotFoundException: An element could not be located on the page using the given search parameters\n\tat io.appium.uiautomator2.handler.FindElement.safeHandle(FindElement.java:78)\n\tat io.appium.uiautomator2.handler.request.SafeRequestHandler.handle(SafeRequestHandler.java:38)\n\tat io.appium.uiautomator2.server.AppiumServlet.handleRequest(AppiumServlet.java:252)\n\tat io.appium.uiautomator2.server.AppiumServlet.handleHttpRequest(AppiumServlet.java:242)\n\tat io.appium.uiautomator2.http.ServerHandler.channelRead(ServerHandler.java:51)\n\tat io.netty.channel.AbstractChannelHandlerContext.invokeChannelRead(AbstractChannelHandlerContext.java:366)\n\tat io.netty.channel.AbstractChannelHandlerContext.invokeChannelRead(AbstractChannelHandlerContext.java:352)\n\tat io.netty.chann...
[debug] &amp#27;[35m[W3C]&amp#27;[39m Matched W3C error code 'no such element' to NoSuchElementError
[debug] &amp#27;[35m[BaseDriver]&amp#27;[39m Waited for 1134 ms so far
[debug] &amp#27;[35m[WD Proxy]&amp#27;[39m Matched '/element' to command name 'findElement'
[debug] &amp#27;[35m[WD Proxy]&amp#27;[39m Proxying [POST /element] to [POST http://127.0.0.1:8200/wd/hub/session/2de36614-59d0-4281-8ae4-51a0e8d87207/element] with body: {"strategy":"id","selector":"com.androidsample.generalstore:id/nameField","context":"","multiple":false}
&amp#27;[35m[WD Proxy]&amp#27;[39m Got response with status 404: {"sessionId":"2de36614-59d0-4281-8ae4-51a0e8d87207","value":{"error":"no such element","message":"An element could not be located on the page using the given search parameters","stacktrace":"io.appium.uiautomator2.common.exceptions.ElementNotFoundException: An element could not be located on the page using the given search parameters\n\tat io.appium.uiautomator2.handler.FindElement.safeHandle(FindElement.java:78)\n\tat io.appium.uiautomator2.handler.request.SafeRequestHandler.handle(SafeRequestHandler.java:38)\n\tat io.appium.uiautomator2.server.AppiumServlet.handleRequest(AppiumServlet.java:252)\n\tat io.appium.uiautomator2.server.AppiumServlet.handleHttpRequest(AppiumServlet.java:242)\n\tat io.appium.uiautomator2.http.ServerHandler.channelRead(ServerHandler.java:51)\n\tat io.netty.channel.AbstractChannelHandlerContext.invokeChannelRead(AbstractChannelHandlerContext.java:366)\n\tat io.netty.channel.AbstractChannelHandlerContext.invokeChannelRead(AbstractChannelHandlerContext.java:352)\n\tat io.netty.chann...
[debug] &amp#27;[35m[W3C]&amp#27;[39m Matched W3C error code 'no such element' to NoSuchElementError
[debug] &amp#27;[35m[BaseDriver]&amp#27;[39m Waited for 1659 ms so far
[debug] &amp#27;[35m[WD Proxy]&amp#27;[39m Matched '/element' to command name 'findElement'
[debug] &amp#27;[35m[WD Proxy]&amp#27;[39m Proxying [POST /element] to [POST http://127.0.0.1:8200/wd/hub/session/2de36614-59d0-4281-8ae4-51a0e8d87207/element] with body: {"strategy":"id","selector":"com.androidsample.generalstore:id/nameField","context":"","multiple":false}
&amp#27;[35m[WD Proxy]&amp#27;[39m Got response with status 404: {"sessionId":"2de36614-59d0-4281-8ae4-51a0e8d87207","value":{"error":"no such element","message":"An element could not be located on the page using the given search parameters","stacktrace":"io.appium.uiautomator2.common.exceptions.ElementNotFoundException: An element could not be located on the page using the given search parameters\n\tat io.appium.uiautomator2.handler.FindElement.safeHandle(FindElement.java:78)\n\tat io.appium.uiautomator2.handler.request.SafeRequestHandler.handle(SafeRequestHandler.java:38)\n\tat io.appium.uiautomator2.server.AppiumServlet.handleRequest(AppiumServlet.java:252)\n\tat io.appium.uiautomator2.server.AppiumServlet.handleHttpRequest(AppiumServlet.java:242)\n\tat io.appium.uiautomator2.http.ServerHandler.channelRead(ServerHandler.java:51)\n\tat io.netty.channel.AbstractChannelHandlerContext.invokeChannelRead(AbstractChannelHandlerContext.java:366)\n\tat io.netty.channel.AbstractChannelHandlerContext.invokeChannelRead(AbstractChannelHandlerContext.java:352)\n\tat io.netty.chann...
[debug] &amp#27;[35m[W3C]&amp#27;[39m Matched W3C error code 'no such element' to NoSuchElementError
[debug] &amp#27;[35m[BaseDriver]&amp#27;[39m Waited for 2177 ms so far
[debug] &amp#27;[35m[WD Proxy]&amp#27;[39m Matched '/element' to command name 'findElement'
[debug] &amp#27;[35m[WD Proxy]&amp#27;[39m Proxying [POST /element] to [POST http://127.0.0.1:8200/wd/hub/session/2de36614-59d0-4281-8ae4-51a0e8d87207/element] with body: {"strategy":"id","selector":"com.androidsample.generalstore:id/nameField","context":"","multiple":false}
[debug] &amp#27;[35m[WD Proxy]&amp#27;[39m Got response with status 200: {"sessionId":"2de36614-59d0-4281-8ae4-51a0e8d87207","value":{"ELEMENT":"f8a2b9c5-1c83-41c8-b082-75ff124d8da7","element-6066-11e4-a52e-4f735466cecf":"f8a2b9c5-1c83-41c8-b082-75ff124d8da7"}}
[debug] &amp#27;[35m[W3C (4a49ebf9)]&amp#27;[39m Responding to client with driver.findElement() result: {"element-6066-11e4-a52e-4f735466cecf":"f8a2b9c5-1c83-41c8-b082-75ff124d8da7","ELEMENT":"f8a2b9c5-1c83-41c8-b082-75ff124d8da7"}
&amp#27;[35m[HTTP]&amp#27;[39m &amp#27;[37m<-- POST /wd/hub/session/4a49ebf9-f511-4590-82b4-eea43983ed2d/element &amp#27;[39m&amp#27;[32m200&amp#27;[39m &amp#27;[90m3257 ms - 137&amp#27;[39m
&amp#27;[35m[HTTP]&amp#27;[39m &amp#27;[90m&amp#27;[39m
&amp#27;[35m[HTTP]&amp#27;[39m &amp#27;[37m-->&amp#27;[39m &amp#27;[37mPOST&amp#27;[39m &amp#27;[37m/wd/hub/session/4a49ebf9-f511-4590-82b4-eea43983ed2d/element/f8a2b9c5-1c83-41c8-b082-75ff124d8da7/value&amp#27;[39m
&amp#27;[35m[HTTP]&amp#27;[39m &amp#27;[90m{"id":"f8a2b9c5-1c83-41c8-b082-75ff124d8da7","text":"Rahul","value":["R","a","h","u","l"]}&amp#27;[39m
[debug] &amp#27;[35m[W3C (4a49ebf9)]&amp#27;[39m Calling AppiumDriver.setValue() with args: [["R","a","h","u","l"],"f8a2b9c5-1c83-41c8-b082-75ff124d8da7","4a49ebf9-f511-4590-82b4-eea43983ed2d"]
[debug] &amp#27;[35m[WD Proxy]&amp#27;[39m Matched '/element/f8a2b9c5-1c83-41c8-b082-75ff124d8da7/value' to command name 'setValue'
[debug] &amp#27;[35m[Protocol Converter]&amp#27;[39m Added 'value' property ["R","a","h","u","l"] to 'setValue' request body
[debug] &amp#27;[35m[WD Proxy]&amp#27;[39m Proxying [POST /element/f8a2b9c5-1c83-41c8-b082-75ff124d8da7/value] to [POST http://127.0.0.1:8200/wd/hub/session/2de36614-59d0-4281-8ae4-51a0e8d87207/element/f8a2b9c5-1c83-41c8-b082-75ff124d8da7/value] with body: {"elementId":"f8a2b9c5-1c83-41c8-b082-75ff124d8da7","text":"Rahul","replace":false,"value":["R","a","h","u","l"]}
[debug] &amp#27;[35m[WD Proxy]&amp#27;[39m Got response with status 200: {"sessionId":"2de36614-59d0-4281-8ae4-51a0e8d87207","value":null}
[debug] &amp#27;[35m[W3C (4a49ebf9)]&amp#27;[39m Responding to client with driver.setValue() result: null
&amp#27;[35m[HTTP]&amp#27;[39m &amp#27;[37m<-- POST /wd/hub/session/4a49ebf9-f511-4590-82b4-eea43983ed2d/element/f8a2b9c5-1c83-41c8-b082-75ff124d8da7/value &amp#27;[39m&amp#27;[32m200&amp#27;[39m &amp#27;[90m567 ms - 14&amp#27;[39m
&amp#27;[35m[HTTP]&amp#27;[39m &amp#27;[90m&amp#27;[39m
&amp#27;[35m[HTTP]&amp#27;[39m &amp#27;[37m-->&amp#27;[39m &amp#27;[37mPOST&amp#27;[39m &amp#27;[37m/wd/hub/session/4a49ebf9-f511-4590-82b4-eea43983ed2d/appium/device/hide_keyboard&amp#27;[39m
&amp#27;[35m[HTTP]&amp#27;[39m &amp#27;[90m{}&amp#27;[39m
[debug] &amp#27;[35m[W3C (4a49ebf9)]&amp#27;[39m Calling AppiumDriver.hideKeyboard() with args: [null,null,null,null,"4a49ebf9-f511-4590-82b4-eea43983ed2d"]
[debug] &amp#27;[35m[ADB]&amp#27;[39m Running '/Users/kyialbekn/Library/Android/sdk/platform-tools/adb -P 5037 -s emulator-5554 shell dumpsys input_method'
&amp#27;[35m[AndroidDriver]&amp#27;[39m Keyboard has no UI; no closing necessary
[debug] &amp#27;[35m[W3C (4a49ebf9)]&amp#27;[39m Responding to client with driver.hideKeyboard() result: null
&amp#27;[35m[HTTP]&amp#27;[39m &amp#27;[37m<-- POST /wd/hub/session/4a49ebf9-f511-4590-82b4-eea43983ed2d/appium/device/hide_keyboard &amp#27;[39m&amp#27;[32m200&amp#27;[39m &amp#27;[90m203 ms - 14&amp#27;[39m
&amp#27;[35m[HTTP]&amp#27;[39m &amp#27;[90m&amp#27;[39m
&amp#27;[35m[HTTP]&amp#27;[39m &amp#27;[37m-->&amp#27;[39m &amp#27;[37mGET&amp#27;[39m &amp#27;[37m/wd/hub/session/4a49ebf9-f511-4590-82b4-eea43983ed2d&amp#27;[39m
&amp#27;[35m[HTTP]&amp#27;[39m &amp#27;[90m{}&amp#27;[39m
[debug] &amp#27;[35m[W3C (4a49ebf9)]&amp#27;[39m Calling AppiumDriver.getSession() with args: ["4a49ebf9-f511-4590-82b4-eea43983ed2d"]
[debug] &amp#27;[35m[UiAutomator2]&amp#27;[39m Getting session details from server to mix in
[debug] &amp#27;[35m[WD Proxy]&amp#27;[39m Matched '/' to command name 'getSession'
[debug] &amp#27;[35m[WD Proxy]&amp#27;[39m Proxying [GET /] to [GET http://127.0.0.1:8200/wd/hub/session/2de36614-59d0-4281-8ae4-51a0e8d87207] with body: {}
[debug] &amp#27;[35m[WD Proxy]&amp#27;[39m Got response with status 200: {"sessionId":"2de36614-59d0-4281-8ae4-51a0e8d87207","value":{}}
[debug] &amp#27;[35m[W3C (4a49ebf9)]&amp#27;[39m Responding to client with driver.getSession() result: {"platform":"LINUX","webStorageEnabled":false,"takesScreenshot":true,"javascriptEnabled":true,"databaseEnabled":false,"networkConnectionEnabled":true,"locationContextEnabled":false,"warnings":{},"desired":{"platformName":"android","app":"/Users/kyialbekn/IdeaProjects/AppiumDemo/src/test/resources/General-Store.apk","automationName":"UIAutomator2","deviceName":"Pixel2","newCommandTimeout":600},"platformName":"android","app":"/Users/kyialbekn/IdeaProjects/AppiumDemo/src/test/resources/General-Store.apk","automationName":"UIAutomator2","deviceName":"emulator-5554","newCommandTimeout":600,"deviceUDID":"emulator-5554","appPackage":"com.androidsample.generalstore","deviceApiLevel":28,"platformVersion":"9","deviceScreenSize":"1080x1920","deviceScreenDensity":420,"deviceModel":"AOSP on IA Emulator","deviceManufacturer":"Google","pixelRatio":2.625,"statBarHeight":63,"viewportRect":{"left":0,"top":63,"width":1080,"height":1731}}
&amp#27;[35m[HTTP]&amp#27;[39m &amp#27;[37m<-- GET /wd/hub/session/4a49ebf9-f511-4590-82b4-eea43983ed2d &amp#27;[39m&amp#27;[32m200&amp#27;[39m &amp#27;[90m10 ms - 942&amp#27;[39m
&amp#27;[35m[HTTP]&amp#27;[39m &amp#27;[90m&amp#27;[39m
&amp#27;[35m[HTTP]&amp#27;[39m &amp#27;[37m-->&amp#27;[39m &amp#27;[37mPOST&amp#27;[39m &amp#27;[37m/wd/hub/session/4a49ebf9-f511-4590-82b4-eea43983ed2d/element&amp#27;[39m
&amp#27;[35m[HTTP]&amp#27;[39m &amp#27;[90m{"using":"xpath","value":"//*[@text='Female']"}&amp#27;[39m
[debug] &amp#27;[35m[W3C (4a49ebf9)]&amp#27;[39m Calling AppiumDriver.findElement() with args: ["xpath","//*[@text='Female']","4a49ebf9-f511-4590-82b4-eea43983ed2d"]
[debug] &amp#27;[35m[BaseDriver]&amp#27;[39m Valid locator strategies for this request: xpath, id, class name, accessibility id, -android uiautomator
[debug] &amp#27;[35m[BaseDriver]&amp#27;[39m Waiting up to 5000 ms for condition
[debug] &amp#27;[35m[WD Proxy]&amp#27;[39m Matched '/element' to command name 'findElement'
[debug] &amp#27;[35m[WD Proxy]&amp#27;[39m Proxying [POST /element] to [POST http://127.0.0.1:8200/wd/hub/session/2de36614-59d0-4281-8ae4-51a0e8d87207/element] with body: {"strategy":"xpath","selector":"//*[@text='Female']","context":"","multiple":false}
[debug] &amp#27;[35m[WD Proxy]&amp#27;[39m Got response with status 200: {"sessionId":"2de36614-59d0-4281-8ae4-51a0e8d87207","value":{"ELEMENT":"d6220459-dec2-4434-bba9-08b5e5b60254","element-6066-11e4-a52e-4f735466cecf":"d6220459-dec2-4434-bba9-08b5e5b60254"}}
[debug] &amp#27;[35m[W3C (4a49ebf9)]&amp#27;[39m Responding to client with driver.findElement() result: {"element-6066-11e4-a52e-4f735466cecf":"d6220459-dec2-4434-bba9-08b5e5b60254","ELEMENT":"d6220459-dec2-4434-bba9-08b5e5b60254"}
&amp#27;[35m[HTTP]&amp#27;[39m &amp#27;[37m<-- POST /wd/hub/session/4a49ebf9-f511-4590-82b4-eea43983ed2d/element &amp#27;[39m&amp#27;[32m200&amp#27;[39m &amp#27;[90m439 ms - 137&amp#27;[39m
&amp#27;[35m[HTTP]&amp#27;[39m &amp#27;[90m&amp#27;[39m
&amp#27;[35m[HTTP]&amp#27;[39m &amp#27;[37m-->&amp#27;[39m &amp#27;[37mPOST&amp#27;[39m &amp#27;[37m/wd/hub/session/4a49ebf9-f511-4590-82b4-eea43983ed2d/element/d6220459-dec2-4434-bba9-08b5e5b60254/click&amp#27;[39m
&amp#27;[35m[HTTP]&amp#27;[39m &amp#27;[90m{"id":"d6220459-dec2-4434-bba9-08b5e5b60254"}&amp#27;[39m
[debug] &amp#27;[35m[W3C (4a49ebf9)]&amp#27;[39m Calling AppiumDriver.click() with args: ["d6220459-dec2-4434-bba9-08b5e5b60254","4a49ebf9-f511-4590-82b4-eea43983ed2d"]
[debug] &amp#27;[35m[WD Proxy]&amp#27;[39m Matched '/element/d6220459-dec2-4434-bba9-08b5e5b60254/click' to command name 'click'
[debug] &amp#27;[35m[WD Proxy]&amp#27;[39m Proxying [POST /element/d6220459-dec2-4434-bba9-08b5e5b60254/click] to [POST http://127.0.0.1:8200/wd/hub/session/2de36614-59d0-4281-8ae4-51a0e8d87207/element/d6220459-dec2-4434-bba9-08b5e5b60254/click] with body: {"element":"d6220459-dec2-4434-bba9-08b5e5b60254"}
[debug] &amp#27;[35m[WD Proxy]&amp#27;[39m Got response with status 200: {"sessionId":"2de36614-59d0-4281-8ae4-51a0e8d87207","value":null}
[debug] &amp#27;[35m[W3C (4a49ebf9)]&amp#27;[39m Responding to client with driver.click() result: null
&amp#27;[35m[HTTP]&amp#27;[39m &amp#27;[37m<-- POST /wd/hub/session/4a49ebf9-f511-4590-82b4-eea43983ed2d/element/d6220459-dec2-4434-bba9-08b5e5b60254/click &amp#27;[39m&amp#27;[32m200&amp#27;[39m &amp#27;[90m32 ms - 14&amp#27;[39m
&amp#27;[35m[HTTP]&amp#27;[39m &amp#27;[90m&amp#27;[39m
&amp#27;[35m[HTTP]&amp#27;[39m &amp#27;[37m-->&amp#27;[39m &amp#27;[37mGET&amp#27;[39m &amp#27;[37m/wd/hub/session/4a49ebf9-f511-4590-82b4-eea43983ed2d&amp#27;[39m
&amp#27;[35m[HTTP]&amp#27;[39m &amp#27;[90m{}&amp#27;[39m
[debug] &amp#27;[35m[W3C (4a49ebf9)]&amp#27;[39m Calling AppiumDriver.getSession() with args: ["4a49ebf9-f511-4590-82b4-eea43983ed2d"]
[debug] &amp#27;[35m[UiAutomator2]&amp#27;[39m Getting session details from server to mix in
[debug] &amp#27;[35m[WD Proxy]&amp#27;[39m Matched '/' to command name 'getSession'
[debug] &amp#27;[35m[WD Proxy]&amp#27;[39m Proxying [GET /] to [GET http://127.0.0.1:8200/wd/hub/session/2de36614-59d0-4281-8ae4-51a0e8d87207] with body: {}
[debug] &amp#27;[35m[WD Proxy]&amp#27;[39m Got response with status 200: {"sessionId":"2de36614-59d0-4281-8ae4-51a0e8d87207","value":{}}
[debug] &amp#27;[35m[W3C (4a49ebf9)]&amp#27;[39m Responding to client with driver.getSession() result: {"platform":"LINUX","webStorageEnabled":false,"takesScreenshot":true,"javascriptEnabled":true,"databaseEnabled":false,"networkConnectionEnabled":true,"locationContextEnabled":false,"warnings":{},"desired":{"platformName":"android","app":"/Users/kyialbekn/IdeaProjects/AppiumDemo/src/test/resources/General-Store.apk","automationName":"UIAutomator2","deviceName":"Pixel2","newCommandTimeout":600},"platformName":"android","app":"/Users/kyialbekn/IdeaProjects/AppiumDemo/src/test/resources/General-Store.apk","automationName":"UIAutomator2","deviceName":"emulator-5554","newCommandTimeout":600,"deviceUDID":"emulator-5554","appPackage":"com.androidsample.generalstore","deviceApiLevel":28,"platformVersion":"9","deviceScreenSize":"1080x1920","deviceScreenDensity":420,"deviceModel":"AOSP on IA Emulator","deviceManufacturer":"Google","pixelRatio":2.625,"statBarHeight":63,"viewportRect":{"left":0,"top":63,"width":1080,"height":1731}}
&amp#27;[35m[HTTP]&amp#27;[39m &amp#27;[37m<-- GET /wd/hub/session/4a49ebf9-f511-4590-82b4-eea43983ed2d &amp#27;[39m&amp#27;[32m200&amp#27;[39m &amp#27;[90m8 ms - 942&amp#27;[39m
&amp#27;[35m[HTTP]&amp#27;[39m &amp#27;[90m&amp#27;[39m
&amp#27;[35m[HTTP]&amp#27;[39m &amp#27;[37m-->&amp#27;[39m &amp#27;[37mPOST&amp#27;[39m &amp#27;[37m/wd/hub/session/4a49ebf9-f511-4590-82b4-eea43983ed2d/element&amp#27;[39m
&amp#27;[35m[HTTP]&amp#27;[39m &amp#27;[90m{"using":"id","value":"android:id/text1"}&amp#27;[39m
[debug] &amp#27;[35m[W3C (4a49ebf9)]&amp#27;[39m Calling AppiumDriver.findElement() with args: ["id","android:id/text1","4a49ebf9-f511-4590-82b4-eea43983ed2d"]
[debug] &amp#27;[35m[BaseDriver]&amp#27;[39m Valid locator strategies for this request: xpath, id, class name, accessibility id, -android uiautomator
[debug] &amp#27;[35m[BaseDriver]&amp#27;[39m Waiting up to 5000 ms for condition
[debug] &amp#27;[35m[WD Proxy]&amp#27;[39m Matched '/element' to command name 'findElement'
[debug] &amp#27;[35m[WD Proxy]&amp#27;[39m Proxying [POST /element] to [POST http://127.0.0.1:8200/wd/hub/session/2de36614-59d0-4281-8ae4-51a0e8d87207/element] with body: {"strategy":"id","selector":"android:id/text1","context":"","multiple":false}
[debug] &amp#27;[35m[WD Proxy]&amp#27;[39m Got response with status 200: {"sessionId":"2de36614-59d0-4281-8ae4-51a0e8d87207","value":{"ELEMENT":"2f5f0982-af64-4018-905c-053077ddfaf0","element-6066-11e4-a52e-4f735466cecf":"2f5f0982-af64-4018-905c-053077ddfaf0"}}
[debug] &amp#27;[35m[W3C (4a49ebf9)]&amp#27;[39m Responding to client with driver.findElement() result: {"element-6066-11e4-a52e-4f735466cecf":"2f5f0982-af64-4018-905c-053077ddfaf0","ELEMENT":"2f5f0982-af64-4018-905c-053077ddfaf0"}
&amp#27;[35m[HTTP]&amp#27;[39m &amp#27;[37m<-- POST /wd/hub/session/4a49ebf9-f511-4590-82b4-eea43983ed2d/element &amp#27;[39m&amp#27;[32m200&amp#27;[39m &amp#27;[90m64 ms - 137&amp#27;[39m
&amp#27;[35m[HTTP]&amp#27;[39m &amp#27;[90m&amp#27;[39m
&amp#27;[35m[HTTP]&amp#27;[39m &amp#27;[37m-->&amp#27;[39m &amp#27;[37mPOST&amp#27;[39m &amp#27;[37m/wd/hub/session/4a49ebf9-f511-4590-82b4-eea43983ed2d/element/2f5f0982-af64-4018-905c-053077ddfaf0/click&amp#27;[39m
&amp#27;[35m[HTTP]&amp#27;[39m &amp#27;[90m{"id":"2f5f0982-af64-4018-905c-053077ddfaf0"}&amp#27;[39m
[debug] &amp#27;[35m[W3C (4a49ebf9)]&amp#27;[39m Calling AppiumDriver.click() with args: ["2f5f0982-af64-4018-905c-053077ddfaf0","4a49ebf9-f511-4590-82b4-eea43983ed2d"]
[debug] &amp#27;[35m[WD Proxy]&amp#27;[39m Matched '/element/2f5f0982-af64-4018-905c-053077ddfaf0/click' to command name 'click'
[debug] &amp#27;[35m[WD Proxy]&amp#27;[39m Proxying [POST /element/2f5f0982-af64-4018-905c-053077ddfaf0/click] to [POST http://127.0.0.1:8200/wd/hub/session/2de36614-59d0-4281-8ae4-51a0e8d87207/element/2f5f0982-af64-4018-905c-053077ddfaf0/click] with body: {"element":"2f5f0982-af64-4018-905c-053077ddfaf0"}
[debug] &amp#27;[35m[WD Proxy]&amp#27;[39m Got response with status 200: {"sessionId":"2de36614-59d0-4281-8ae4-51a0e8d87207","value":null}
[debug] &amp#27;[35m[W3C (4a49ebf9)]&amp#27;[39m Responding to client with driver.click() result: null
&amp#27;[35m[HTTP]&amp#27;[39m &amp#27;[37m<-- POST /wd/hub/session/4a49ebf9-f511-4590-82b4-eea43983ed2d/element/2f5f0982-af64-4018-905c-053077ddfaf0/click &amp#27;[39m&amp#27;[32m200&amp#27;[39m &amp#27;[90m453 ms - 14&amp#27;[39m
&amp#27;[35m[HTTP]&amp#27;[39m &amp#27;[90m&amp#27;[39m
&amp#27;[35m[HTTP]&amp#27;[39m &amp#27;[37m-->&amp#27;[39m &amp#27;[37mPOST&amp#27;[39m &amp#27;[37m/wd/hub/session/4a49ebf9-f511-4590-82b4-eea43983ed2d/element&amp#27;[39m
&amp#27;[35m[HTTP]&amp#27;[39m &amp#27;[90m{"using":"-android uiautomator","value":"new UiScrollable(new UiSelector()).scrollIntoView(text(\"Argentina\"));"}&amp#27;[39m
[debug] &amp#27;[35m[W3C (4a49ebf9)]&amp#27;[39m Calling AppiumDriver.findElement() with args: ["-android uiautomator","new UiScrollable(new UiSelector()).scrollIntoView(text(\"Argentina\"));","4a49ebf9-f511-4590-82b4-eea43983ed2d"]
[debug] &amp#27;[35m[BaseDriver]&amp#27;[39m Valid locator strategies for this request: xpath, id, class name, accessibility id, -android uiautomator
[debug] &amp#27;[35m[BaseDriver]&amp#27;[39m Waiting up to 5000 ms for condition
[debug] &amp#27;[35m[WD Proxy]&amp#27;[39m Matched '/element' to command name 'findElement'
[debug] &amp#27;[35m[WD Proxy]&amp#27;[39m Proxying [POST /element] to [POST http://127.0.0.1:8200/wd/hub/session/2de36614-59d0-4281-8ae4-51a0e8d87207/element] with body: {"strategy":"-android uiautomator","selector":"new UiScrollable(new UiSelector()).scrollIntoView(text(\"Argentina\"));","context":"","multiple":false}
[debug] &amp#27;[35m[WD Proxy]&amp#27;[39m Got response with status 200: {"sessionId":"2de36614-59d0-4281-8ae4-51a0e8d87207","value":{"ELEMENT":"dc60f755-d6f3-469a-a0f0-319eebb135e2","element-6066-11e4-a52e-4f735466cecf":"dc60f755-d6f3-469a-a0f0-319eebb135e2"}}
[debug] &amp#27;[35m[W3C (4a49ebf9)]&amp#27;[39m Responding to client with driver.findElement() result: {"element-6066-11e4-a52e-4f735466cecf":"dc60f755-d6f3-469a-a0f0-319eebb135e2","ELEMENT":"dc60f755-d6f3-469a-a0f0-319eebb135e2"}
&amp#27;[35m[HTTP]&amp#27;[39m &amp#27;[37m<-- POST /wd/hub/session/4a49ebf9-f511-4590-82b4-eea43983ed2d/element &amp#27;[39m&amp#27;[32m200&amp#27;[39m &amp#27;[90m4429 ms - 137&amp#27;[39m
&amp#27;[35m[HTTP]&amp#27;[39m &amp#27;[90m&amp#27;[39m
&amp#27;[35m[HTTP]&amp#27;[39m &amp#27;[37m-->&amp#27;[39m &amp#27;[37mPOST&amp#27;[39m &amp#27;[37m/wd/hub/session/4a49ebf9-f511-4590-82b4-eea43983ed2d/element&amp#27;[39m
&amp#27;[35m[HTTP]&amp#27;[39m &amp#27;[90m{"using":"xpath","value":"//*[@text='Argentina']"}&amp#27;[39m
[debug] &amp#27;[35m[W3C (4a49ebf9)]&amp#27;[39m Calling AppiumDriver.findElement() with args: ["xpath","//*[@text='Argentina']","4a49ebf9-f511-4590-82b4-eea43983ed2d"]
[debug] &amp#27;[35m[BaseDriver]&amp#27;[39m Valid locator strategies for this request: xpath, id, class name, accessibility id, -android uiautomator
[debug] &amp#27;[35m[BaseDriver]&amp#27;[39m Waiting up to 5000 ms for condition
[debug] &amp#27;[35m[WD Proxy]&amp#27;[39m Matched '/element' to command name 'findElement'
[debug] &amp#27;[35m[WD Proxy]&amp#27;[39m Proxying [POST /element] to [POST http://127.0.0.1:8200/wd/hub/session/2de36614-59d0-4281-8ae4-51a0e8d87207/element] with body: {"strategy":"xpath","selector":"//*[@text='Argentina']","context":"","multiple":false}
[debug] &amp#27;[35m[WD Proxy]&amp#27;[39m Got response with status 200: {"sessionId":"2de36614-59d0-4281-8ae4-51a0e8d87207","value":{"ELEMENT":"e34a52da-0cbe-45ff-8098-3f9990c56d79","element-6066-11e4-a52e-4f735466cecf":"e34a52da-0cbe-45ff-8098-3f9990c56d79"}}
[debug] &amp#27;[35m[W3C (4a49ebf9)]&amp#27;[39m Responding to client with driver.findElement() result: {"element-6066-11e4-a52e-4f735466cecf":"e34a52da-0cbe-45ff-8098-3f9990c56d79","ELEMENT":"e34a52da-0cbe-45ff-8098-3f9990c56d79"}
&amp#27;[35m[HTTP]&amp#27;[39m &amp#27;[37m<-- POST /wd/hub/session/4a49ebf9-f511-4590-82b4-eea43983ed2d/element &amp#27;[39m&amp#27;[32m200&amp#27;[39m &amp#27;[90m132 ms - 137&amp#27;[39m
&amp#27;[35m[HTTP]&amp#27;[39m &amp#27;[90m&amp#27;[39m
&amp#27;[35m[HTTP]&amp#27;[39m &amp#27;[37m-->&amp#27;[39m &amp#27;[37mPOST&amp#27;[39m &amp#27;[37m/wd/hub/session/4a49ebf9-f511-4590-82b4-eea43983ed2d/element/e34a52da-0cbe-45ff-8098-3f9990c56d79/click&amp#27;[39m
&amp#27;[35m[HTTP]&amp#27;[39m &amp#27;[90m{"id":"e34a52da-0cbe-45ff-8098-3f9990c56d79"}&amp#27;[39m
[debug] &amp#27;[35m[W3C (4a49ebf9)]&amp#27;[39m Calling AppiumDriver.click() with args: ["e34a52da-0cbe-45ff-8098-3f9990c56d79","4a49ebf9-f511-4590-82b4-eea43983ed2d"]
[debug] &amp#27;[35m[WD Proxy]&amp#27;[39m Matched '/element/e34a52da-0cbe-45ff-8098-3f9990c56d79/click' to command name 'click'
[debug] &amp#27;[35m[WD Proxy]&amp#27;[39m Proxying [POST /element/e34a52da-0cbe-45ff-8098-3f9990c56d79/click] to [POST http://127.0.0.1:8200/wd/hub/session/2de36614-59d0-4281-8ae4-51a0e8d87207/element/e34a52da-0cbe-45ff-8098-3f9990c56d79/click] with body: {"element":"e34a52da-0cbe-45ff-8098-3f9990c56d79"}
[debug] &amp#27;[35m[WD Proxy]&amp#27;[39m Got response with status 200: {"sessionId":"2de36614-59d0-4281-8ae4-51a0e8d87207","value":null}
[debug] &amp#27;[35m[W3C (4a49ebf9)]&amp#27;[39m Responding to client with driver.click() result: null
&amp#27;[35m[HTTP]&amp#27;[39m &amp#27;[37m<-- POST /wd/hub/session/4a49ebf9-f511-4590-82b4-eea43983ed2d/element/e34a52da-0cbe-45ff-8098-3f9990c56d79/click &amp#27;[39m&amp#27;[32m200&amp#27;[39m &amp#27;[90m652 ms - 14&amp#27;[39m
&amp#27;[35m[HTTP]&amp#27;[39m &amp#27;[90m&amp#27;[39m
&amp#27;[35m[HTTP]&amp#27;[39m &amp#27;[37m-->&amp#27;[39m &amp#27;[37mGET&amp#27;[39m &amp#27;[37m/wd/hub/session/4a49ebf9-f511-4590-82b4-eea43983ed2d&amp#27;[39m
&amp#27;[35m[HTTP]&amp#27;[39m &amp#27;[90m{}&amp#27;[39m
[debug] &amp#27;[35m[W3C (4a49ebf9)]&amp#27;[39m Calling AppiumDriver.getSession() with args: ["4a49ebf9-f511-4590-82b4-eea43983ed2d"]
[debug] &amp#27;[35m[UiAutomator2]&amp#27;[39m Getting session details from server to mix in
[debug] &amp#27;[35m[WD Proxy]&amp#27;[39m Matched '/' to command name 'getSession'
[debug] &amp#27;[35m[WD Proxy]&amp#27;[39m Proxying [GET /] to [GET http://127.0.0.1:8200/wd/hub/session/2de36614-59d0-4281-8ae4-51a0e8d87207] with body: {}
[debug] &amp#27;[35m[WD Proxy]&amp#27;[39m Got response with status 200: {"sessionId":"2de36614-59d0-4281-8ae4-51a0e8d87207","value":{}}
[debug] &amp#27;[35m[W3C (4a49ebf9)]&amp#27;[39m Responding to client with driver.getSession() result: {"platform":"LINUX","webStorageEnabled":false,"takesScreenshot":true,"javascriptEnabled":true,"databaseEnabled":false,"networkConnectionEnabled":true,"locationContextEnabled":false,"warnings":{},"desired":{"platformName":"android","app":"/Users/kyialbekn/IdeaProjects/AppiumDemo/src/test/resources/General-Store.apk","automationName":"UIAutomator2","deviceName":"Pixel2","newCommandTimeout":600},"platformName":"android","app":"/Users/kyialbekn/IdeaProjects/AppiumDemo/src/test/resources/General-Store.apk","automationName":"UIAutomator2","deviceName":"emulator-5554","newCommandTimeout":600,"deviceUDID":"emulator-5554","appPackage":"com.androidsample.generalstore","deviceApiLevel":28,"platformVersion":"9","deviceScreenSize":"1080x1920","deviceScreenDensity":420,"deviceModel":"AOSP on IA Emulator","deviceManufacturer":"Google","pixelRatio":2.625,"statBarHeight":63,"viewportRect":{"left":0,"top":63,"width":1080,"height":1731}}
&amp#27;[35m[HTTP]&amp#27;[39m &amp#27;[37m<-- GET /wd/hub/session/4a49ebf9-f511-4590-82b4-eea43983ed2d &amp#27;[39m&amp#27;[32m200&amp#27;[39m &amp#27;[90m9 ms - 942&amp#27;[39m
&amp#27;[35m[HTTP]&amp#27;[39m &amp#27;[90m&amp#27;[39m
&amp#27;[35m[HTTP]&amp#27;[39m &amp#27;[37m-->&amp#27;[39m &amp#27;[37mPOST&amp#27;[39m &amp#27;[37m/wd/hub/session/4a49ebf9-f511-4590-82b4-eea43983ed2d/element&amp#27;[39m
&amp#27;[35m[HTTP]&amp#27;[39m &amp#27;[90m{"using":"id","value":"com.androidsample.generalstore:id/btnLetsShop"}&amp#27;[39m
[debug] &amp#27;[35m[W3C (4a49ebf9)]&amp#27;[39m Calling AppiumDriver.findElement() with args: ["id","com.androidsample.generalstore:id/btnLetsShop","4a49ebf9-f511-4590-82b4-eea43983ed2d"]
[debug] &amp#27;[35m[BaseDriver]&amp#27;[39m Valid locator strategies for this request: xpath, id, class name, accessibility id, -android uiautomator
[debug] &amp#27;[35m[BaseDriver]&amp#27;[39m Waiting up to 5000 ms for condition
[debug] &amp#27;[35m[WD Proxy]&amp#27;[39m Matched '/element' to command name 'findElement'
[debug] &amp#27;[35m[WD Proxy]&amp#27;[39m Proxying [POST /element] to [POST http://127.0.0.1:8200/wd/hub/session/2de36614-59d0-4281-8ae4-51a0e8d87207/element] with body: {"strategy":"id","selector":"com.androidsample.generalstore:id/btnLetsShop","context":"","multiple":false}
[debug] &amp#27;[35m[WD Proxy]&amp#27;[39m Got response with status 200: {"sessionId":"2de36614-59d0-4281-8ae4-51a0e8d87207","value":{"ELEMENT":"61d03eef-0e78-46ae-a33a-ea03c3a7f2c2","element-6066-11e4-a52e-4f735466cecf":"61d03eef-0e78-46ae-a33a-ea03c3a7f2c2"}}
[debug] &amp#27;[35m[W3C (4a49ebf9)]&amp#27;[39m Responding to client with driver.findElement() result: {"element-6066-11e4-a52e-4f735466cecf":"61d03eef-0e78-46ae-a33a-ea03c3a7f2c2","ELEMENT":"61d03eef-0e78-46ae-a33a-ea03c3a7f2c2"}
&amp#27;[35m[HTTP]&amp#27;[39m &amp#27;[37m<-- POST /wd/hub/session/4a49ebf9-f511-4590-82b4-eea43983ed2d/element &amp#27;[39m&amp#27;[32m200&amp#27;[39m &amp#27;[90m24 ms - 137&amp#27;[39m
&amp#27;[35m[HTTP]&amp#27;[39m &amp#27;[90m&amp#27;[39m
&amp#27;[35m[HTTP]&amp#27;[39m &amp#27;[37m-->&amp#27;[39m &amp#27;[37mPOST&amp#27;[39m &amp#27;[37m/wd/hub/session/4a49ebf9-f511-4590-82b4-eea43983ed2d/element/61d03eef-0e78-46ae-a33a-ea03c3a7f2c2/click&amp#27;[39m
&amp#27;[35m[HTTP]&amp#27;[39m &amp#27;[90m{"id":"61d03eef-0e78-46ae-a33a-ea03c3a7f2c2"}&amp#27;[39m
[debug] &amp#27;[35m[W3C (4a49ebf9)]&amp#27;[39m Calling AppiumDriver.click() with args: ["61d03eef-0e78-46ae-a33a-ea03c3a7f2c2","4a49ebf9-f511-4590-82b4-eea43983ed2d"]
[debug] &amp#27;[35m[WD Proxy]&amp#27;[39m Matched '/element/61d03eef-0e78-46ae-a33a-ea03c3a7f2c2/click' to command name 'click'
[debug] &amp#27;[35m[WD Proxy]&amp#27;[39m Proxying [POST /element/61d03eef-0e78-46ae-a33a-ea03c3a7f2c2/click] to [POST http://127.0.0.1:8200/wd/hub/session/2de36614-59d0-4281-8ae4-51a0e8d87207/element/61d03eef-0e78-46ae-a33a-ea03c3a7f2c2/click] with body: {"element":"61d03eef-0e78-46ae-a33a-ea03c3a7f2c2"}
[debug] &amp#27;[35m[WD Proxy]&amp#27;[39m Got response with status 200: {"sessionId":"2de36614-59d0-4281-8ae4-51a0e8d87207","value":null}
[debug] &amp#27;[35m[W3C (4a49ebf9)]&amp#27;[39m Responding to client with driver.click() result: null
&amp#27;[35m[HTTP]&amp#27;[39m &amp#27;[37m<-- POST /wd/hub/session/4a49ebf9-f511-4590-82b4-eea43983ed2d/element/61d03eef-0e78-46ae-a33a-ea03c3a7f2c2/click &amp#27;[39m&amp#27;[32m200&amp#27;[39m &amp#27;[90m42 ms - 14&amp#27;[39m
&amp#27;[35m[HTTP]&amp#27;[39m &amp#27;[90m&amp#27;[39m
&amp#27;[35m[HTTP]&amp#27;[39m &amp#27;[37m-->&amp#27;[39m &amp#27;[37mPOST&amp#27;[39m &amp#27;[37m/wd/hub/session/4a49ebf9-f511-4590-82b4-eea43983ed2d/elements&amp#27;[39m
&amp#27;[35m[HTTP]&amp#27;[39m &amp#27;[90m{"using":"xpath","value":"//*[@text='ADD TO CART']"}&amp#27;[39m
[debug] &amp#27;[35m[W3C (4a49ebf9)]&amp#27;[39m Calling AppiumDriver.findElements() with args: ["xpath","//*[@text='ADD TO CART']","4a49ebf9-f511-4590-82b4-eea43983ed2d"]
[debug] &amp#27;[35m[BaseDriver]&amp#27;[39m Valid locator strategies for this request: xpath, id, class name, accessibility id, -android uiautomator
[debug] &amp#27;[35m[BaseDriver]&amp#27;[39m Waiting up to 5000 ms for condition
[debug] &amp#27;[35m[WD Proxy]&amp#27;[39m Matched '/elements' to command name 'findElements'
[debug] &amp#27;[35m[WD Proxy]&amp#27;[39m Proxying [POST /elements] to [POST http://127.0.0.1:8200/wd/hub/session/2de36614-59d0-4281-8ae4-51a0e8d87207/elements] with body: {"strategy":"xpath","selector":"//*[@text='ADD TO CART']","context":"","multiple":true}
[debug] &amp#27;[35m[WD Proxy]&amp#27;[39m Got response with status 200: {"sessionId":"2de36614-59d0-4281-8ae4-51a0e8d87207","value":[]}
[debug] &amp#27;[35m[BaseDriver]&amp#27;[39m Waited for 154 ms so far
[debug] &amp#27;[35m[WD Proxy]&amp#27;[39m Matched '/elements' to command name 'findElements'
[debug] &amp#27;[35m[WD Proxy]&amp#27;[39m Proxying [POST /elements] to [POST http://127.0.0.1:8200/wd/hub/session/2de36614-59d0-4281-8ae4-51a0e8d87207/elements] with body: {"strategy":"xpath","selector":"//*[@text='ADD TO CART']","context":"","multiple":true}
[debug] &amp#27;[35m[WD Proxy]&amp#27;[39m Got response with status 200: {"sessionId":"2de36614-59d0-4281-8ae4-51a0e8d87207","value":[{"ELEMENT":"070db867-d795-4251-9bfc-59ecb824cb32","element-6066-11e4-a52e-4f735466cecf":"070db867-d795-4251-9bfc-59ecb824cb32"},{"ELEMENT":"53a14839-e607-49ef-8dc1-fde30670f539","element-6066-11e4-a52e-4f735466cecf":"53a14839-e607-49ef-8dc1-fde30670f539"}]}
[debug] &amp#27;[35m[W3C (4a49ebf9)]&amp#27;[39m Responding to client with driver.findElements() result: [{"element-6066-11e4-a52e-4f735466cecf":"070db867-d795-4251-9bfc-59ecb824cb32","ELEMENT":"070db867-d795-4251-9bfc-59ecb824cb32"},{"element-6066-11e4-a52e-4f735466cecf":"53a14839-e607-49ef-8dc1-fde30670f539","ELEMENT":"53a14839-e607-49ef-8dc1-fde30670f539"}]
&amp#27;[35m[HTTP]&amp#27;[39m &amp#27;[37m<-- POST /wd/hub/session/4a49ebf9-f511-4590-82b4-eea43983ed2d/elements &amp#27;[39m&amp#27;[32m200&amp#27;[39m &amp#27;[90m987 ms - 267&amp#27;[39m
&amp#27;[35m[HTTP]&amp#27;[39m &amp#27;[90m&amp#27;[39m
&amp#27;[35m[HTTP]&amp#27;[39m &amp#27;[37m-->&amp#27;[39m &amp#27;[37mPOST&amp#27;[39m &amp#27;[37m/wd/hub/session/4a49ebf9-f511-4590-82b4-eea43983ed2d/element/070db867-d795-4251-9bfc-59ecb824cb32/click&amp#27;[39m
&amp#27;[35m[HTTP]&amp#27;[39m &amp#27;[90m{"id":"070db867-d795-4251-9bfc-59ecb824cb32"}&amp#27;[39m
[debug] &amp#27;[35m[W3C (4a49ebf9)]&amp#27;[39m Calling AppiumDriver.click() with args: ["070db867-d795-4251-9bfc-59ecb824cb32","4a49ebf9-f511-4590-82b4-eea43983ed2d"]
[debug] &amp#27;[35m[WD Proxy]&amp#27;[39m Matched '/element/070db867-d795-4251-9bfc-59ecb824cb32/click' to command name 'click'
[debug] &amp#27;[35m[WD Proxy]&amp#27;[39m Proxying [POST /element/070db867-d795-4251-9bfc-59ecb824cb32/click] to [POST http://127.0.0.1:8200/wd/hub/session/2de36614-59d0-4281-8ae4-51a0e8d87207/element/070db867-d795-4251-9bfc-59ecb824cb32/click] with body: {"element":"070db867-d795-4251-9bfc-59ecb824cb32"}
[debug] &amp#27;[35m[WD Proxy]&amp#27;[39m Got response with status 200: {"sessionId":"2de36614-59d0-4281-8ae4-51a0e8d87207","value":null}
[debug] &amp#27;[35m[W3C (4a49ebf9)]&amp#27;[39m Responding to client with driver.click() result: null
&amp#27;[35m[HTTP]&amp#27;[39m &amp#27;[37m<-- POST /wd/hub/session/4a49ebf9-f511-4590-82b4-eea43983ed2d/element/070db867-d795-4251-9bfc-59ecb824cb32/click &amp#27;[39m&amp#27;[32m200&amp#27;[39m &amp#27;[90m33 ms - 14&amp#27;[39m
&amp#27;[35m[HTTP]&amp#27;[39m &amp#27;[90m&amp#27;[39m
&amp#27;[35m[HTTP]&amp#27;[39m &amp#27;[37m-->&amp#27;[39m &amp#27;[37mPOST&amp#27;[39m &amp#27;[37m/wd/hub/session/4a49ebf9-f511-4590-82b4-eea43983ed2d/elements&amp#27;[39m
&amp#27;[35m[HTTP]&amp#27;[39m &amp#27;[90m{"using":"xpath","value":"//*[@text='ADD TO CART']"}&amp#27;[39m
[debug] &amp#27;[35m[W3C (4a49ebf9)]&amp#27;[39m Calling AppiumDriver.findElements() with args: ["xpath","//*[@text='ADD TO CART']","4a49ebf9-f511-4590-82b4-eea43983ed2d"]
[debug] &amp#27;[35m[BaseDriver]&amp#27;[39m Valid locator strategies for this request: xpath, id, class name, accessibility id, -android uiautomator
[debug] &amp#27;[35m[BaseDriver]&amp#27;[39m Waiting up to 5000 ms for condition
[debug] &amp#27;[35m[WD Proxy]&amp#27;[39m Matched '/elements' to command name 'findElements'
[debug] &amp#27;[35m[WD Proxy]&amp#27;[39m Proxying [POST /elements] to [POST http://127.0.0.1:8200/wd/hub/session/2de36614-59d0-4281-8ae4-51a0e8d87207/elements] with body: {"strategy":"xpath","selector":"//*[@text='ADD TO CART']","context":"","multiple":true}
[debug] &amp#27;[35m[WD Proxy]&amp#27;[39m Got response with status 200: {"sessionId":"2de36614-59d0-4281-8ae4-51a0e8d87207","value":[{"ELEMENT":"0f32f305-5aa1-4436-8249-4ee9d37a4ff4","element-6066-11e4-a52e-4f735466cecf":"0f32f305-5aa1-4436-8249-4ee9d37a4ff4"}]}
[debug] &amp#27;[35m[W3C (4a49ebf9)]&amp#27;[39m Responding to client with driver.findElements() result: [{"element-6066-11e4-a52e-4f735466cecf":"0f32f305-5aa1-4436-8249-4ee9d37a4ff4","ELEMENT":"0f32f305-5aa1-4436-8249-4ee9d37a4ff4"}]
[...]
[debug] &amp#27;[35m[W3C (9d46968d)]&amp#27;[39m Calling AppiumDriver.findElement() with args: ["xpath","//android.widget.TextView[@text='Preference']","9d46968d-eb78-4d67-9e3f-aec2a476caeb"]
[debug] &amp#27;[35m[BaseDriver]&amp#27;[39m Valid locator strategies for this request: xpath, id, class name, accessibility id, -android uiautomator
[debug] &amp#27;[35m[BaseDriver]&amp#27;[39m Waiting up to 5000 ms for condition
[debug] &amp#27;[35m[WD Proxy]&amp#27;[39m Matched '/element' to command name 'findElement'
[debug] &amp#27;[35m[WD Proxy]&amp#27;[39m Proxying [POST /element] to [POST http://127.0.0.1:8202/wd/hub/session/d9d380e6-18d3-4c43-a2aa-1f3c8ce5f625/element] with body: {"strategy":"xpath","selector":"//android.widget.TextView[@text='Preference']","context":"","multiple":false}
[debug] &amp#27;[35m[WD Proxy]&amp#27;[39m Got response with status 200: {"sessionId":"d9d380e6-18d3-4c43-a2aa-1f3c8ce5f625","value":{"ELEMENT":"4973fbb3-cd74-4370-a1d1-126399b98aa4","element-6066-11e4-a52e-4f735466cecf":"4973fbb3-cd74-4370-a1d1-126399b98aa4"}}
[debug] &amp#27;[35m[W3C (9d46968d)]&amp#27;[39m Responding to client with driver.findElement() result: {"element-6066-11e4-a52e-4f735466cecf":"4973fbb3-cd74-4370-a1d1-126399b98aa4","ELEMENT":"4973fbb3-cd74-4370-a1d1-126399b98aa4"}
&amp#27;[35m[HTTP]&amp#27;[39m &amp#27;[37m<-- POST /wd/hub/session/9d46968d-eb78-4d67-9e3f-aec2a476caeb/element &amp#27;[39m&amp#27;[32m200&amp#27;[39m &amp#27;[90m609 ms - 137&amp#27;[39m
&amp#27;[35m[HTTP]&amp#27;[39m &amp#27;[90m&amp#27;[39m
&amp#27;[35m[HTTP]&amp#27;[39m &amp#27;[37m-->&amp#27;[39m &amp#27;[37mPOST&amp#27;[39m &amp#27;[37m/wd/hub/session/9d46968d-eb78-4d67-9e3f-aec2a476caeb/element/4973fbb3-cd74-4370-a1d1-126399b98aa4/click&amp#27;[39m
&amp#27;[35m[HTTP]&amp#27;[39m &amp#27;[90m{"id":"4973fbb3-cd74-4370-a1d1-126399b98aa4"}&amp#27;[39m
[debug] &amp#27;[35m[W3C (9d46968d)]&amp#27;[39m Calling AppiumDriver.click() with args: ["4973fbb3-cd74-4370-a1d1-126399b98aa4","9d46968d-eb78-4d67-9e3f-aec2a476caeb"]
[debug] &amp#27;[35m[WD Proxy]&amp#27;[39m Matched '/element/4973fbb3-cd74-4370-a1d1-126399b98aa4/click' to command name 'click'
[debug] &amp#27;[35m[WD Proxy]&amp#27;[39m Proxying [POST /element/4973fbb3-cd74-4370-a1d1-126399b98aa4/click] to [POST http://127.0.0.1:8202/wd/hub/session/d9d380e6-18d3-4c43-a2aa-1f3c8ce5f625/element/4973fbb3-cd74-4370-a1d1-126399b98aa4/click] with body: {"element":"4973fbb3-cd74-4370-a1d1-126399b98aa4"}
[debug] &amp#27;[35m[WD Proxy]&amp#27;[39m Got response with status 200: {"sessionId":"d9d380e6-18d3-4c43-a2aa-1f3c8ce5f625","value":null}
[debug] &amp#27;[35m[W3C (9d46968d)]&amp#27;[39m Responding to client with driver.click() result: null
&amp#27;[35m[HTTP]&amp#27;[39m &amp#27;[37m<-- POST /wd/hub/session/9d46968d-eb78-4d67-9e3f-aec2a476caeb/element/4973fbb3-cd74-4370-a1d1-126399b98aa4/click &amp#27;[39m&amp#27;[32m200&amp#27;[39m &amp#27;[90m957 ms - 14&amp#27;[39m
&amp#27;[35m[HTTP]&amp#27;[39m &amp#27;[90m&amp#27;[39m
&amp#27;[35m[HTTP]&amp#27;[39m &amp#27;[37m-->&amp#27;[39m &amp#27;[37mPOST&amp#27;[39m &amp#27;[37m/wd/hub/session/9d46968d-eb78-4d67-9e3f-aec2a476caeb/element&amp#27;[39m
&amp#27;[35m[HTTP]&amp#27;[39m &amp#27;[90m{"using":"xpath","value":"//android.widget.TextView[@text='3. Preference dependencies']"}&amp#27;[39m
[debug] &amp#27;[35m[W3C (9d46968d)]&amp#27;[39m Calling AppiumDriver.findElement() with args: ["xpath","//android.widget.TextView[@text='3. Preference dependencies']","9d46968d-eb78-4d67-9e3f-aec2a476caeb"]
[debug] &amp#27;[35m[BaseDriver]&amp#27;[39m Valid locator strategies for this request: xpath, id, class name, accessibility id, -android uiautomator
[debug] &amp#27;[35m[BaseDriver]&amp#27;[39m Waiting up to 5000 ms for condition
[debug] &amp#27;[35m[WD Proxy]&amp#27;[39m Matched '/element' to command name 'findElement'
[debug] &amp#27;[35m[WD Proxy]&amp#27;[39m Proxying [POST /element] to [POST http://127.0.0.1:8202/wd/hub/session/d9d380e6-18d3-4c43-a2aa-1f3c8ce5f625/element] with body: {"strategy":"xpath","selector":"//android.widget.TextView[@text='3. Preference dependencies']","context":"","multiple":false}
[debug] &amp#27;[35m[WD Proxy]&amp#27;[39m Got response with status 200: {"sessionId":"d9d380e6-18d3-4c43-a2aa-1f3c8ce5f625","value":{"ELEMENT":"6416ba46-bbc6-41eb-9e1c-aaf82f82a854","element-6066-11e4-a52e-4f735466cecf":"6416ba46-bbc6-41eb-9e1c-aaf82f82a854"}}
[debug] &amp#27;[35m[W3C (9d46968d)]&amp#27;[39m Responding to client with driver.findElement() result: {"element-6066-11e4-a52e-4f735466cecf":"6416ba46-bbc6-41eb-9e1c-aaf82f82a854","ELEMENT":"6416ba46-bbc6-41eb-9e1c-aaf82f82a854"}
&amp#27;[35m[HTTP]&amp#27;[39m &amp#27;[37m<-- POST /wd/hub/session/9d46968d-eb78-4d67-9e3f-aec2a476caeb/element &amp#27;[39m&amp#27;[32m200&amp#27;[39m &amp#27;[90m197 ms - 137&amp#27;[39m
&amp#27;[35m[HTTP]&amp#27;[39m &amp#27;[90m&amp#27;[39m
&amp#27;[35m[HTTP]&amp#27;[39m &amp#27;[37m-->&amp#27;[39m &amp#27;[37mPOST&amp#27;[39m &amp#27;[37m/wd/hub/session/9d46968d-eb78-4d67-9e3f-aec2a476caeb/element/6416ba46-bbc6-41eb-9e1c-aaf82f82a854/click&amp#27;[39m
&amp#27;[35m[HTTP]&amp#27;[39m &amp#27;[90m{"id":"6416ba46-bbc6-41eb-9e1c-aaf82f82a854"}&amp#27;[39m
[debug] &amp#27;[35m[W3C (9d46968d)]&amp#27;[39m Calling AppiumDriver.click() with args: ["6416ba46-bbc6-41eb-9e1c-aaf82f82a854","9d46968d-eb78-4d67-9e3f-aec2a476caeb"]
[debug] &amp#27;[35m[WD Proxy]&amp#27;[39m Matched '/element/6416ba46-bbc6-41eb-9e1c-aaf82f82a854/click' to command name 'click'
[debug] &amp#27;[35m[WD Proxy]&amp#27;[39m Proxying [POST /element/6416ba46-bbc6-41eb-9e1c-aaf82f82a854/click] to [POST http://127.0.0.1:8202/wd/hub/session/d9d380e6-18d3-4c43-a2aa-1f3c8ce5f625/element/6416ba46-bbc6-41eb-9e1c-aaf82f82a854/click] with body: {"element":"6416ba46-bbc6-41eb-9e1c-aaf82f82a854"}
[debug] &amp#27;[35m[WD Proxy]&amp#27;[39m Got response with status 200: {"sessionId":"d9d380e6-18d3-4c43-a2aa-1f3c8ce5f625","value":null}
[debug] &amp#27;[35m[W3C (9d46968d)]&amp#27;[39m Responding to client with driver.click() result: null
&amp#27;[35m[HTTP]&amp#27;[39m &amp#27;[37m<-- POST /wd/hub/session/9d46968d-eb78-4d67-9e3f-aec2a476caeb/element/6416ba46-bbc6-41eb-9e1c-aaf82f82a854/click &amp#27;[39m&amp#27;[32m200&amp#27;[39m &amp#27;[90m987 ms - 14&amp#27;[39m
&amp#27;[35m[HTTP]&amp#27;[39m &amp#27;[90m&amp#27;[39m
&amp#27;[35m[HTTP]&amp#27;[39m &amp#27;[37m-->&amp#27;[39m &amp#27;[37mPOST&amp#27;[39m &amp#27;[37m/wd/hub/session/9d46968d-eb78-4d67-9e3f-aec2a476caeb/element&amp#27;[39m
&amp#27;[35m[HTTP]&amp#27;[39m &amp#27;[90m{"using":"id","value":"android:id/checkbox"}&amp#27;[39m
[debug] &amp#27;[35m[W3C (9d46968d)]&amp#27;[39m Calling AppiumDriver.findElement() with args: ["id","android:id/checkbox","9d46968d-eb78-4d67-9e3f-aec2a476caeb"]
[debug] &amp#27;[35m[BaseDriver]&amp#27;[39m Valid locator strategies for this request: xpath, id, class name, accessibility id, -android uiautomator
[debug] &amp#27;[35m[BaseDriver]&amp#27;[39m Waiting up to 5000 ms for condition
[debug] &amp#27;[35m[WD Proxy]&amp#27;[39m Matched '/element' to command name 'findElement'
[debug] &amp#27;[35m[WD Proxy]&amp#27;[39m Proxying [POST /element] to [POST http://127.0.0.1:8202/wd/hub/session/d9d380e6-18d3-4c43-a2aa-1f3c8ce5f625/element] with body: {"strategy":"id","selector":"android:id/checkbox","context":"","multiple":false}
[debug] &amp#27;[35m[WD Proxy]&amp#27;[39m Got response with status 200: {"sessionId":"d9d380e6-18d3-4c43-a2aa-1f3c8ce5f625","value":{"ELEMENT":"356c477d-3b2a-427c-b6d0-4dfacc159767","element-6066-11e4-a52e-4f735466cecf":"356c477d-3b2a-427c-b6d0-4dfacc159767"}}
[debug] &amp#27;[35m[W3C (9d46968d)]&amp#27;[39m Responding to client with driver.findElement() result: {"element-6066-11e4-a52e-4f735466cecf":"356c477d-3b2a-427c-b6d0-4dfacc159767","ELEMENT":"356c477d-3b2a-427c-b6d0-4dfacc159767"}
&amp#27;[35m[HTTP]&amp#27;[39m &amp#27;[37m<-- POST /wd/hub/session/9d46968d-eb78-4d67-9e3f-aec2a476caeb/element &amp#27;[39m&amp#27;[32m200&amp#27;[39m &amp#27;[90m39 ms - 137&amp#27;[39m
&amp#27;[35m[HTTP]&amp#27;[39m &amp#27;[90m&amp#27;[39m
&amp#27;[35m[HTTP]&amp#27;[39m &amp#27;[37m-->&amp#27;[39m &amp#27;[37mPOST&amp#27;[39m &amp#27;[37m/wd/hub/session/9d46968d-eb78-4d67-9e3f-aec2a476caeb/element/356c477d-3b2a-427c-b6d0-4dfacc159767/click&amp#27;[39m
&amp#27;[35m[HTTP]&amp#27;[39m &amp#27;[90m{"id":"356c477d-3b2a-427c-b6d0-4dfacc159767"}&amp#27;[39m
[debug] &amp#27;[35m[W3C (9d46968d)]&amp#27;[39m Calling AppiumDriver.click() with args: ["356c477d-3b2a-427c-b6d0-4dfacc159767","9d46968d-eb78-4d67-9e3f-aec2a476caeb"]
[debug] &amp#27;[35m[WD Proxy]&amp#27;[39m Matched '/element/356c477d-3b2a-427c-b6d0-4dfacc159767/click' to command name 'click'
[debug] &amp#27;[35m[WD Proxy]&amp#27;[39m Proxying [POST /element/356c477d-3b2a-427c-b6d0-4dfacc159767/click] to [POST http://127.0.0.1:8202/wd/hub/session/d9d380e6-18d3-4c43-a2aa-1f3c8ce5f625/element/356c477d-3b2a-427c-b6d0-4dfacc159767/click] with body: {"element":"356c477d-3b2a-427c-b6d0-4dfacc159767"}
[debug] &amp#27;[35m[WD Proxy]&amp#27;[39m Got response with status 200: {"sessionId":"d9d380e6-18d3-4c43-a2aa-1f3c8ce5f625","value":null}
[debug] &amp#27;[35m[W3C (9d46968d)]&amp#27;[39m Responding to client with driver.click() result: null
&amp#27;[35m[HTTP]&amp#27;[39m &amp#27;[37m<-- POST /wd/hub/session/9d46968d-eb78-4d67-9e3f-aec2a476caeb/element/356c477d-3b2a-427c-b6d0-4dfacc159767/click &amp#27;[39m&amp#27;[32m200&amp#27;[39m &amp#27;[90m698 ms - 14&amp#27;[39m
&amp#27;[35m[HTTP]&amp#27;[39m &amp#27;[90m&amp#27;[39m
&amp#27;[35m[HTTP]&amp#27;[39m &amp#27;[37m-->&amp#27;[39m &amp#27;[37mPOST&amp#27;[39m &amp#27;[37m/wd/hub/session/9d46968d-eb78-4d67-9e3f-aec2a476caeb/element&amp#27;[39m
&amp#27;[35m[HTTP]&amp#27;[39m &amp#27;[90m{"using":"xpath","value":"(//android.widget.RelativeLayout)[2]"}&amp#27;[39m
[debug] &amp#27;[35m[W3C (9d46968d)]&amp#27;[39m Calling AppiumDriver.findElement() with args: ["xpath","(//android.widget.RelativeLayout)[2]","9d46968d-eb78-4d67-9e3f-aec2a476caeb"]
[debug] &amp#27;[35m[BaseDriver]&amp#27;[39m Valid locator strategies for this request: xpath, id, class name, accessibility id, -android uiautomator
[debug] &amp#27;[35m[BaseDriver]&amp#27;[39m Waiting up to 5000 ms for condition
[debug] &amp#27;[35m[WD Proxy]&amp#27;[39m Matched '/element' to command name 'findElement'
[debug] &amp#27;[35m[WD Proxy]&amp#27;[39m Proxying [POST /element] to [POST http://127.0.0.1:8202/wd/hub/session/d9d380e6-18d3-4c43-a2aa-1f3c8ce5f625/element] with body: {"strategy":"xpath","selector":"(//android.widget.RelativeLayout)[2]","context":"","multiple":false}
[debug] &amp#27;[35m[WD Proxy]&amp#27;[39m Got response with status 200: {"sessionId":"d9d380e6-18d3-4c43-a2aa-1f3c8ce5f625","value":{"ELEMENT":"313df07a-4a19-41d0-9854-1e86986e2178","element-6066-11e4-a52e-4f735466cecf":"313df07a-4a19-41d0-9854-1e86986e2178"}}
[debug] &amp#27;[35m[W3C (9d46968d)]&amp#27;[39m Responding to client with driver.findElement() result: {"element-6066-11e4-a52e-4f735466cecf":"313df07a-4a19-41d0-9854-1e86986e2178","ELEMENT":"313df07a-4a19-41d0-9854-1e86986e2178"}
&amp#27;[35m[HTTP]&amp#27;[39m &amp#27;[37m<-- POST /wd/hub/session/9d46968d-eb78-4d67-9e3f-aec2a476caeb/element &amp#27;[39m&amp#27;[32m200&amp#27;[39m &amp#27;[90m88 ms - 137&amp#27;[39m
&amp#27;[35m[HTTP]&amp#27;[39m &amp#27;[90m&amp#27;[39m
&amp#27;[35m[HTTP]&amp#27;[39m &amp#27;[37m-->&amp#27;[39m &amp#27;[37mPOST&amp#27;[39m &amp#27;[37m/wd/hub/session/9d46968d-eb78-4d67-9e3f-aec2a476caeb/element/313df07a-4a19-41d0-9854-1e86986e2178/click&amp#27;[39m
&amp#27;[35m[HTTP]&amp#27;[39m &amp#27;[90m{"id":"313df07a-4a19-41d0-9854-1e86986e2178"}&amp#27;[39m
[debug] &amp#27;[35m[W3C (9d46968d)]&amp#27;[39m Calling AppiumDriver.click() with args: ["313df07a-4a19-41d0-9854-1e86986e2178","9d46968d-eb78-4d67-9e3f-aec2a476caeb"]
[debug] &amp#27;[35m[WD Proxy]&amp#27;[39m Matched '/element/313df07a-4a19-41d0-9854-1e86986e2178/click' to command name 'click'
[debug] &amp#27;[35m[WD Proxy]&amp#27;[39m Proxying [POST /element/313df07a-4a19-41d0-9854-1e86986e2178/click] to [POST http://127.0.0.1:8202/wd/hub/session/d9d380e6-18d3-4c43-a2aa-1f3c8ce5f625/element/313df07a-4a19-41d0-9854-1e86986e2178/click] with body: {"element":"313df07a-4a19-41d0-9854-1e86986e2178"}
[debug] &amp#27;[35m[WD Proxy]&amp#27;[39m Got response with status 200: {"sessionId":"d9d380e6-18d3-4c43-a2aa-1f3c8ce5f625","value":null}
[debug] &amp#27;[35m[W3C (9d46968d)]&amp#27;[39m Responding to client with driver.click() result: null
&amp#27;[35m[HTTP]&amp#27;[39m &amp#27;[37m<-- POST /wd/hub/session/9d46968d-eb78-4d67-9e3f-aec2a476caeb/element/313df07a-4a19-41d0-9854-1e86986e2178/click &amp#27;[39m&amp#27;[32m200&amp#27;[39m &amp#27;[90m923 ms - 14&amp#27;[39m
&amp#27;[35m[HTTP]&amp#27;[39m &amp#27;[90m&amp#27;[39m
&amp#27;[35m[HTTP]&amp#27;[39m &amp#27;[37m-->&amp#27;[39m &amp#27;[37mPOST&amp#27;[39m &amp#27;[37m/wd/hub/session/9d46968d-eb78-4d67-9e3f-aec2a476caeb/element&amp#27;[39m
&amp#27;[35m[HTTP]&amp#27;[39m &amp#27;[90m{"using":"class name","value":"android.widget.EditText"}&amp#27;[39m
[debug] &amp#27;[35m[W3C (9d46968d)]&amp#27;[39m Calling AppiumDriver.findElement() with args: ["class name","android.widget.EditText","9d46968d-eb78-4d67-9e3f-aec2a476caeb"]
[debug] &amp#27;[35m[BaseDriver]&amp#27;[39m Valid locator strategies for this request: xpath, id, class name, accessibility id, -android uiautomator
[debug] &amp#27;[35m[BaseDriver]&amp#27;[39m Waiting up to 5000 ms for condition
[debug] &amp#27;[35m[WD Proxy]&amp#27;[39m Matched '/element' to command name 'findElement'
[debug] &amp#27;[35m[WD Proxy]&amp#27;[39m Proxying [POST /element] to [POST http://127.0.0.1:8202/wd/hub/session/d9d380e6-18d3-4c43-a2aa-1f3c8ce5f625/element] with body: {"strategy":"class name","selector":"android.widget.EditText","context":"","multiple":false}
[debug] &amp#27;[35m[WD Proxy]&amp#27;[39m Got response with status 200: {"sessionId":"d9d380e6-18d3-4c43-a2aa-1f3c8ce5f625","value":{"ELEMENT":"bf909024-2e3b-4d54-8747-4d31da7f1992","element-6066-11e4-a52e-4f735466cecf":"bf909024-2e3b-4d54-8747-4d31da7f1992"}}
[debug] &amp#27;[35m[W3C (9d46968d)]&amp#27;[39m Responding to client with driver.findElement() result: {"element-6066-11e4-a52e-4f735466cecf":"bf909024-2e3b-4d54-8747-4d31da7f1992","ELEMENT":"bf909024-2e3b-4d54-8747-4d31da7f1992"}
&amp#27;[35m[HTTP]&amp#27;[39m &amp#27;[37m<-- POST /wd/hub/session/9d46968d-eb78-4d67-9e3f-aec2a476caeb/element &amp#27;[39m&amp#27;[32m200&amp#27;[39m &amp#27;[90m22 ms - 137&amp#27;[39m
&amp#27;[35m[HTTP]&amp#27;[39m &amp#27;[90m&amp#27;[39m
&amp#27;[35m[HTTP]&amp#27;[39m &amp#27;[37m-->&amp#27;[39m &amp#27;[37mPOST&amp#27;[39m &amp#27;[37m/wd/hub/session/9d46968d-eb78-4d67-9e3f-aec2a476caeb/element/bf909024-2e3b-4d54-8747-4d31da7f1992/value&amp#27;[39m
&amp#27;[35m[HTTP]&amp#27;[39m &amp#27;[90m{"id":"bf909024-2e3b-4d54-8747-4d31da7f1992","text":"12345","value":["1","2","3","4","5"]}&amp#27;[39m
[debug] &amp#27;[35m[W3C (9d46968d)]&amp#27;[39m Calling AppiumDriver.setValue() with args: [["1","2","3","4","5"],"bf909024-2e3b-4d54-8747-4d31da7f1992","9d46968d-eb78-4d67-9e3f-aec2a476caeb"]
[debug] &amp#27;[35m[WD Proxy]&amp#27;[39m Matched '/element/bf909024-2e3b-4d54-8747-4d31da7f1992/value' to command name 'setValue'
[debug] &amp#27;[35m[Protocol Converter]&amp#27;[39m Added 'value' property ["1","2","3","4","5"] to 'setValue' request body
[debug] &amp#27;[35m[WD Proxy]&amp#27;[39m Proxying [POST /element/bf909024-2e3b-4d54-8747-4d31da7f1992/value] to [POST http://127.0.0.1:8202/wd/hub/session/d9d380e6-18d3-4c43-a2aa-1f3c8ce5f625/element/bf909024-2e3b-4d54-8747-4d31da7f1992/value] with body: {"elementId":"bf909024-2e3b-4d54-8747-4d31da7f1992","text":"12345","replace":false,"value":["1","2","3","4","5"]}
[debug] &amp#27;[35m[WD Proxy]&amp#27;[39m Got response with status 200: {"sessionId":"d9d380e6-18d3-4c43-a2aa-1f3c8ce5f625","value":null}
[debug] &amp#27;[35m[W3C (9d46968d)]&amp#27;[39m Responding to client with driver.setValue() result: null
&amp#27;[35m[HTTP]&amp#27;[39m &amp#27;[37m<-- POST /wd/hub/session/9d46968d-eb78-4d67-9e3f-aec2a476caeb/element/bf909024-2e3b-4d54-8747-4d31da7f1992/value &amp#27;[39m&amp#27;[32m200&amp#27;[39m &amp#27;[90m30 ms - 14&amp#27;[39m
&amp#27;[35m[HTTP]&amp#27;[39m &amp#27;[90m&amp#27;[39m
&amp#27;[35m[HTTP]&amp#27;[39m &amp#27;[37m-->&amp#27;[39m &amp#27;[37mPOST&amp#27;[39m &amp#27;[37m/wd/hub/session/9d46968d-eb78-4d67-9e3f-aec2a476caeb/elements&amp#27;[39m
&amp#27;[35m[HTTP]&amp#27;[39m &amp#27;[90m{"using":"class name","value":"android.widget.Button"}&amp#27;[39m
[debug] &amp#27;[35m[W3C (9d46968d)]&amp#27;[39m Calling AppiumDriver.findElements() with args: ["class name","android.widget.Button","9d46968d-eb78-4d67-9e3f-aec2a476caeb"]
[debug] &amp#27;[35m[BaseDriver]&amp#27;[39m Valid locator strategies for this request: xpath, id, class name, accessibility id, -android uiautomator
[debug] &amp#27;[35m[BaseDriver]&amp#27;[39m Waiting up to 5000 ms for condition
[debug] &amp#27;[35m[WD Proxy]&amp#27;[39m Matched '/elements' to command name 'findElements'
[debug] &amp#27;[35m[WD Proxy]&amp#27;[39m Proxying [POST /elements] to [POST http://127.0.0.1:8202/wd/hub/session/d9d380e6-18d3-4c43-a2aa-1f3c8ce5f625/elements] with body: {"strategy":"class name","selector":"android.widget.Button","context":"","multiple":true}
[debug] &amp#27;[35m[WD Proxy]&amp#27;[39m Got response with status 200: {"sessionId":"d9d380e6-18d3-4c43-a2aa-1f3c8ce5f625","value":[{"ELEMENT":"5fc48477-cfd2-4580-bd2a-ce442fa9b3f5","element-6066-11e4-a52e-4f735466cecf":"5fc48477-cfd2-4580-bd2a-ce442fa9b3f5"},{"ELEMENT":"385a286f-b810-47c8-ac73-3e1232384719","element-6066-11e4-a52e-4f735466cecf":"385a286f-b810-47c8-ac73-3e1232384719"}]}
[debug] &amp#27;[35m[W3C (9d46968d)]&amp#27;[39m Responding to client with driver.findElements() result: [{"element-6066-11e4-a52e-4f735466cecf":"5fc48477-cfd2-4580-bd2a-ce442fa9b3f5","ELEMENT":"5fc48477-cfd2-4580-bd2a-ce442fa9b3f5"},{"element-6066-11e4-a52e-4f735466cecf":"385a286f-b810-47c8-ac73-3e1232384719","ELEMENT":"385a286f-b810-47c8-ac73-3e1232384719"}]
&amp#27;[35m[HTTP]&amp#27;[39m &amp#27;[37m<-- POST /wd/hub/session/9d46968d-eb78-4d67-9e3f-aec2a476caeb/elements &amp#27;[39m&amp#27;[32m200&amp#27;[39m &amp#27;[90m601 ms - 267&amp#27;[39m
&amp#27;[35m[HTTP]&amp#27;[39m &amp#27;[90m&amp#27;[39m
&amp#27;[35m[HTTP]&amp#27;[39m &amp#27;[37m-->&amp#27;[39m &amp#27;[37mPOST&amp#27;[39m &amp#27;[37m/wd/hub/session/9d46968d-eb78-4d67-9e3f-aec2a476caeb/element/385a286f-b810-47c8-ac73-3e1232384719/click&amp#27;[39m
&amp#27;[35m[HTTP]&amp#27;[39m &amp#27;[90m{"id":"385a286f-b810-47c8-ac73-3e1232384719"}&amp#27;[39m
[debug] &amp#27;[35m[W3C (9d46968d)]&amp#27;[39m Calling AppiumDriver.click() with args: ["385a286f-b810-47c8-ac73-3e1232384719","9d46968d-eb78-4d67-9e3f-aec2a476caeb"]
[debug] &amp#27;[35m[WD Proxy]&amp#27;[39m Matched '/element/385a286f-b810-47c8-ac73-3e1232384719/click' to command name 'click'
[debug] &amp#27;[35m[WD Proxy]&amp#27;[39m Proxying [POST /element/385a286f-b810-47c8-ac73-3e1232384719/click] to [POST http://127.0.0.1:8202/wd/hub/session/d9d380e6-18d3-4c43-a2aa-1f3c8ce5f625/element/385a286f-b810-47c8-ac73-3e1232384719/click] with body: {"element":"385a286f-b810-47c8-ac73-3e1232384719"}
[debug] &amp#27;[35m[WD Proxy]&amp#27;[39m Got response with status 200: {"sessionId":"d9d380e6-18d3-4c43-a2aa-1f3c8ce5f625","value":null}
[debug] &amp#27;[35m[W3C (9d46968d)]&amp#27;[39m Responding to client with driver.click() result: null
&amp#27;[35m[HTTP]&amp#27;[39m &amp#27;[37m<-- POST /wd/hub/session/9d46968d-eb78-4d67-9e3f-aec2a476caeb/element/385a286f-b810-47c8-ac73-3e1232384719/click &amp#27;[39m&amp#27;[32m200&amp#27;[39m &amp#27;[90m19 ms - 14&amp#27;[39m
&amp#27;[35m[HTTP]&amp#27;[39m &amp#27;[90m&amp#27;[39m
]]></system-out>
    <system-err><![CDATA[Aug 27, 2020 8:36:02 PM io.appium.java_client.remote.AppiumCommandExecutor$1 lambda$0
INFO: Detected dialect: W3C
]]></system-err>
  </testcase>
</testsuite>